57099.808840999998 3.9e-05 0.02277782159 0 1 2
57099.808879999997 3.9e-05 0.02277876887 0 1 2
57099.808919000003 3.9e-05 0.0227796531 0 1 2
57099.808958000001 3.9e-05 0.02278041264 0 1 2
57099.808996 3.9e-05 0.02278109175 0 1 2
57099.809034999998 3.9e-05 0.02278187309 0 1 2
57099.809073999997 3.9e-05 0.02278274611 0 1 2
57099.809113000003 3.9e-05 0.02278356802 0 1 2
57099.809152000002 3.9e-05 0.02278431245 0 1 2
57099.809191 3.9e-05 0.02278500881 0 1 2
57099.809229999999 3.9e-05 0.02278563857 0 1 2
57099.809268999998 3.9e-05 0.02278615131 0 1 2
57099.809308000004 3.9e-05 0.02278663933 0 1 2
57099.809347000002 3.9e-05 0.02278722861 0 1 2
57099.809386000001 3.9e-05 0.02278799944 0 1 2
57099.809424999999 3.9e-05 0.0227889718 0 1 2
57099.809463999998 3.9e-05 0.02278998748 0 1 2
57099.809502999997 3.9e-05 0.02279101562 0 1 2
57099.809542000003 3.9e-05 0.02279210748 0 1 2
57099.809581000001 3.9e-05 0.02279318781 0 1 2
57099.80962 3.9e-05 0.02279418019 0 1 2
57099.809658999999 3.9e-05 0.02279509035 0 1 2
57099.809697999997 3.9e-05 0.02279596507 0 1 2
57099.809737000003 3.9e-05 0.02279685903 0 1 2
57099.809776000002 3.9e-05 0.02279777183 0 1 2
57099.809815000001 3.9e-05 0.02279860833 0 1 2
57099.809853999999 3.9e-05 0.02279934025 0 1 2
57099.809892999998 3.9e-05 0.02280001301 0 1 2
57099.809931999996 3.9e-05 0.02280062543 0 1 2
57099.809971000002 3.9e-05 0.02280116098 0 1 2
57099.810010000001 3.9e-05 0.0228016668 0 1 2
57099.810049 3.9e-05 0.02280234592 0 1 2
57099.810087999998 3.9e-05 0.02280325494 0 1 2
57099.810126999997 3.9e-05 0.02280423006 0 1 2
57099.810166000003 3.9e-05 0.02280514374 0 1 2
57099.810205000002 3.9e-05 0.02280594252 0 1 2
57099.810244 3.9e-05 0.02280674827 0 1 2
57099.810282999999 3.9e-05 0.02280761117 0 1 2
57099.810321999998 3.9e-05 0.02280849006 0 1 2
57099.810361000003 3.9e-05 0.02280937014 0 1 2
57099.810400000002 3.9e-05 0.02281016242 0 1 2
57099.810438 3.9e-05 0.02281085012 0 1 2
57099.810476999999 3.9e-05 0.02281156717 0 1 2
57099.810515999998 3.9e-05 0.0228123095 0 1 2
57099.810554999996 3.9e-05 0.02281301637 0 1 2
57099.810594000002 3.9e-05 0.02281369029 0 1 2
57099.810633000001 3.9e-05 0.02281432444 0 1 2
57099.810672 3.9e-05 0.02281497711 0 1 2
57099.810710999998 3.9e-05 0.02281579742 0 1 2
57099.810749999997 3.9e-05 0.02281672443 0 1 2
57099.810789000003 3.9e-05 0.02281759538 0 1 2
57099.810828000001 3.9e-05 0.02281844195 0 1 2
57099.810867 3.9e-05 0.02281930629 0 1 2
57099.810905999999 3.9e-05 0.02282012572 0 1 2
57099.810944999997 3.9e-05 0.02282090955 0 1 2
57099.810984000003 3.9e-05 0.02282169142 0 1 2
57099.811023000002 3.9e-05 0.02282243956 0 1 2
57099.811062000001 3.9e-05 0.02282310199 0 1 2
57099.811100999999 3.9e-05 0.02282367366 0 1 2
57099.811139999998 3.9e-05 0.02282415343 0 1 2
57099.811178999997 3.9e-05 0.02282464072 0 1 2
57099.811218000003 3.9e-05 0.02282519672 0 1 2
57099.811257000001 3.9e-05 0.02282586121 0 1 2
57099.811296 3.9e-05 0.0228266756 0 1 2
57099.811334999999 3.9e-05 0.02282755656 0 1 2
57099.811373999997 3.9e-05 0.02282850881 0 1 2
57099.811413000003 3.9e-05 0.02282945722 0 1 2
57099.811452000002 3.9e-05 0.02283028713 0 1 2
57099.811491 3.9e-05 0.02283099842 0 1 2
57099.811529999999 3.9e-05 0.02283163182 0 1 2
57099.811568999998 3.9e-05 0.02283217564 0 1 2
57099.811608000004 3.9e-05 0.02283275411 0 1 2
57099.811647000002 3.9e-05 0.02283345771 0 1 2
57099.811686000001 3.9e-05 0.02283414455 0 1 2
57099.811725 3.9e-05 0.0228347294 0 1 2
57099.811763999998 3.9e-05 0.02283523062 0 1 2
57099.811802999997 3.9e-05 0.02283569202 0 1 2
57099.811842000003 3.9e-05 0.02283604989 0 1 2
57099.811880000001 3.9e-05 0.02283630477 0 1 2
57099.811919 3.9e-05 0.02283658013 0 1 2
57099.811957999998 3.9e-05 0.02283699947 0 1 2
57099.811996999997 3.9e-05 0.0228375879 0 1 2
57099.812036000003 3.9e-05 0.02283832511 0 1 2
57099.812075000002 3.9e-05 0.02283916597 0 1 2
57099.812114 3.9e-05 0.02284007105 0 1 2
57099.812152999999 3.9e-05 0.02284099391 0 1 2
57099.812191999998 3.9e-05 0.02284177992 0 1 2
57099.812231000004 3.9e-05 0.02284243139 0 1 2
57099.812270000002 3.9e-05 0.02284303324 0 1 2
57099.812309000001 3.9e-05 0.02284356984 0 1 2
57099.812347999999 3.9e-05 0.02284404166 0 1 2
57099.812386999998 3.9e-05 0.02284442197 0 1 2
57099.812425999997 3.9e-05 0.02284469737 0 1 2
57099.812465000003 3.9e-05 0.02284495621 0 1 2
57099.812504000001 3.9e-05 0.02284520886 0 1 2
57099.812543 3.9e-05 0.02284545638 0 1 2
57099.812581999999 3.9e-05 0.02284575467 0 1 2
57099.812620999997 3.9e-05 0.02284608294 0 1 2
57099.812660000003 3.9e-05 0.02284655162 0 1 2
57099.812699000002 3.9e-05 0.0228472487 0 1 2
57099.812738000001 3.9e-05 0.0228480024 0 1 2
57099.812776999999 3.9e-05 0.02284870105 0 1 2
57099.812815999998 3.9e-05 0.02284929742 0 1 2
57099.812854999996 3.9e-05 0.02284976184 0 1 2
57099.812894000002 3.9e-05 0.02285013879 0 1 2
57099.812933000001 3.9e-05 0.02285052312 0 1 2
57099.812972 3.9e-05 0.0228509229 0 1 2
57099.813010999998 3.9e-05 0.02285126582 0 1 2
57099.813049999997 3.9e-05 0.02285153851 0 1 2
57099.813089000003 3.9e-05 0.02285174257 0 1 2
57099.813128000002 3.9e-05 0.02285188993 0 1 2
57099.813167 3.9e-05 0.02285201567 0 1 2
57099.813205999999 3.9e-05 0.02285211251 0 1 2
57099.813244999998 3.9e-05 0.02285219969 0 1 2
57099.813284000003 3.9e-05 0.02285237242 0 1 2
57099.813322000002 3.9e-05 0.02285265469 0 1 2
57099.813361 3.9e-05 0.02285309157 0 1 2
57099.813399999999 3.9e-05 0.0228537073 0 1 2
57099.813438999998 3.9e-05 0.02285429693 0 1 2
57099.813477999996 3.9e-05 0.02285471584 0 1 2
57099.813517000002 3.9e-05 0.022855016 0 1 2
57099.813556000001 3.9e-05 0.02285528133 0 1 2
57099.813595 3.9e-05 0.02285552173 0 1 2
57099.813633999998 3.9e-05 0.02285570552 0 1 2
57099.813672999997 3.9e-05 0.02285584652 0 1 2
57099.813712000003 3.9e-05 0.02285596994 0 1 2
57099.813751000002 3.9e-05 0.02285608721 0 1 2
57099.81379 3.9e-05 0.02285617242 0 1 2
57099.813828999999 3.9e-05 0.02285620564 0 1 2
57099.813867999997 3.9e-05 0.02285629311 0 1 2
57099.813907000003 3.9e-05 0.02285645106 0 1 2
57099.813946000002 3.9e-05 0.02285654548 0 1 2
57099.813985000001 3.9e-05 0.02285657709 0 1 2
57099.814023999999 3.9e-05 0.02285671725 0 1 2
57099.814062999998 3.9e-05 0.02285704529 0 1 2
57099.814101999997 3.9e-05 0.02285743322 0 1 2
57099.814141000003 3.9e-05 0.02285780135 0 1 2
57099.814180000001 3.9e-05 0.02285810999 0 1 2
57099.814219 3.9e-05 0.02285837199 0 1 2
57099.814257999999 3.9e-05 0.02285853709 0 1 2
57099.814296999997 3.9e-05 0.02285851916 0 1 2
57099.814336000003 3.9e-05 0.02285839333 0 1 2
57099.814375000002 3.9e-05 0.02285820871 0 1 2
57099.814414 3.9e-05 0.02285796435 0 1 2
57099.814452999999 3.9e-05 0.02285772917 0 1 2
57099.814491999998 3.9e-05 0.02285755424 0 1 2
57099.814531000004 3.9e-05 0.02285742335 0 1 2
57099.814570000002 3.9e-05 0.0228572296 0 1 2
57099.814609000001 3.9e-05 0.02285695224 0 1 2
57099.814648 3.9e-05 0.02285668871 0 1 2
57099.814686999998 3.9e-05 0.02285656741 0 1 2
57099.814725999997 3.9e-05 0.02285653426 0 1 2
57099.814764000002 3.9e-05 0.02285646615 0 1 2
57099.814803000001 3.9e-05 0.02285644247 0 1 2
57099.814842 3.9e-05 0.02285661889 0 1 2
57099.814880999998 3.9e-05 0.022856992 0 1 2
57099.814919999997 3.9e-05 0.02285732466 0 1 2
57099.814959000003 3.9e-05 0.02285749572 0 1 2
57099.814998000002 3.9e-05 0.02285755999 0 1 2
57099.815037 3.9e-05 0.02285754738 0 1 2
57099.815075999999 3.9e-05 0.02285749779 0 1 2
57099.815114999998 3.9e-05 0.02285740558 0 1 2
57099.815154000004 3.9e-05 0.02285724789 0 1 2
57099.815193000002 3.9e-05 0.02285703627 0 1 2
57099.815232000001 3.9e-05 0.02285672748 0 1 2
57099.815270999999 3.9e-05 0.02285639937 0 1 2
57099.815309999998 3.9e-05 0.02285606558 0 1 2
57099.815348999997 3.9e-05 0.02285567146 0 1 2
57099.815388000003 3.9e-05 0.02285531959 0 1 2
57099.815427000001 3.9e-05 0.0228549948 0 1 2
57099.815466 3.9e-05 0.02285458861 0 1 2
57099.815504999999 3.9e-05 0.02285412528 0 1 2
57099.815543999997 3.9e-05 0.0228536741 0 1 2
57099.815583000003 3.9e-05 0.02285329241 0 1 2
57099.815622000002 3.9e-05 0.02285294309 0 1 2
57099.815661000001 3.9e-05 0.02285254737 0 1 2
57099.815699999999 3.9e-05 0.02285219755 0 1 2
57099.815738999998 3.9e-05 0.02285194596 0 1 2
57099.815777999996 3.9e-05 0.02285180897 0 1 2
57099.815817000002 3.9e-05 0.02285176547 0 1 2
57099.815856000001 3.9e-05 0.02285164069 0 1 2
57099.815895 3.9e-05 0.0228514296 0 1 2
57099.815933999998 3.9e-05 0.0228511738 0 1 2
57099.815972999997 3.9e-05 0.02285082307 0 1 2
57099.816012000003 3.9e-05 0.02285048051 0 1 2
57099.816051000002 3.9e-05 0.02285015016 0 1 2
57099.81609 3.9e-05 0.02284973681 0 1 2
57099.816128999999 3.9e-05 0.02284927098 0 1 2
57099.816167999998 3.9e-05 0.02284883047 0 1 2
57099.816206000003 3.9e-05 0.02284840345 0 1 2
57099.816245000002 3.9e-05 0.02284791685 0 1 2
57099.816284 3.9e-05 0.02284741471 0 1 2
57099.816322999999 3.9e-05 0.02284694182 0 1 2
57099.816361999998 3.9e-05 0.02284649389 0 1 2
57099.816400999996 3.9e-05 0.02284602924 0 1 2
57099.816440000002 3.9e-05 0.0228455929 0 1 2
57099.816479000001 3.9e-05 0.02284511383 0 1 2
57099.816518 3.9e-05 0.02284455872 0 1 2
57099.816556999998 3.9e-05 0.02284405068 0 1 2
57099.816595999997 3.9e-05 0.02284357204 0 1 2
57099.816635000003 3.9e-05 0.0228430297 0 1 2
57099.816674000002 3.9e-05 0.02284244455 0 1 2
57099.816713 3.9e-05 0.0228418593 0 1 2
57099.816751999999 3.9e-05 0.02284122341 0 1 2
57099.816790999997 3.9e-05 0.02284056977 0 1 2
57099.816830000003 3.9e-05 0.02283993029 0 1 2
57099.816869000002 3.9e-05 0.02283924758 0 1 2
57099.816908000001 3.9e-05 0.02283853805 0 1 2
57099.816946999999 3.9e-05 0.02283784091 0 1 2
57099.816985999998 3.9e-05 0.02283718451 0 1 2
57099.817024999997 3.9e-05 0.02283658492 0 1 2
57099.817064000003 3.9e-05 0.02283600558 0 1 2
57099.817103000001 3.9e-05 0.0228354629 0 1 2
57099.817142 3.9e-05 0.02283491594 0 1 2
57099.817180999999 3.9e-05 0.0228343094 0 1 2
57099.817219999997 3.9e-05 0.0228337067 0 1 2
57099.817259000003 3.9e-05 0.02283311238 0 1 2
57099.817298000002 3.9e-05 0.0228324625 0 1 2
57099.817337 3.9e-05 0.02283178609 0 1 2
57099.817375999999 3.9e-05 0.02283109504 0 1 2
57099.817414999998 3.9e-05 0.02283034279 0 1 2
57099.817454000004 3.9e-05 0.02282957326 0 1 2
57099.817493000002 3.9e-05 0.02282887531 0 1 2
57099.817532000001 3.9e-05 0.02282815227 0 1 2
57099.817571 3.9e-05 0.02282734525 0 1 2
57099.817609999998 3.9e-05 0.02282656074 0 1 2
57099.817647999997 3.9e-05 0.02282578116 0 1 2
57099.817687000002 3.9e-05 0.02282499604 0 1 2
57099.817726000001 3.9e-05 0.02282426562 0 1 2
57099.817765 3.9e-05 0.02282352313 0 1 2
57099.817803999998 3.9e-05 0.02282273997 0 1 2
57099.817842999997 3.9e-05 0.02282194601 0 1 2
57099.817882000003 3.9e-05 0.02282116993 0 1 2
57099.817921000002 3.9e-05 0.02282036746 0 1 2
57099.81796 3.9e-05 0.02281948252 0 1 2
57099.817998999999 3.9e-05 0.02281857691 0 1 2
57099.818037999998 3.9e-05 0.02281770167 0 1 2
57099.818077000004 3.9e-05 0.02281674902 0 1 2
57099.818116000002 3.9e-05 0.02281574334 0 1 2
57099.818155000001 3.9e-05 0.02281467224 0 1 2
57099.818193999999 3.9e-05 0.02281349998 0 1 2
57099.818232999998 3.9e-05 0.02281237674 0 1 2
57099.818271999997 3.9e-05 0.02281136232 0 1 2
57099.818311000003 3.9e-05 0.02281046711 0 1 2
57099.818350000001 3.9e-05 0.02280962638 0 1 2
57099.818389 3.9e-05 0.02280876675 0 1 2
57099.818427999999 3.9e-05 0.02280793311 0 1 2
57099.818466999997 3.9e-05 0.02280714385 0 1 2
57099.818506000003 3.9e-05 0.02280637799 0 1 2
57099.818545000002 3.9e-05 0.02280560264 0 1 2
57099.818584000001 3.9e-05 0.02280474089 0 1 2
57099.818622999999 3.9e-05 0.02280386399 0 1 2
57099.818661999998 3.9e-05 0.02280305002 0 1 2
57099.818700999997 3.9e-05 0.02280220738 0 1 2
57099.818740000002 3.9e-05 0.02280134303 0 1 2
57099.818779000001 3.9e-05 0.02280046305 0 1 2
57099.818818 3.9e-05 0.02279950818 0 1 2
57099.818856999998 3.9e-05 0.02279848368 0 1 2
57099.818895999997 3.9e-05 0.02279741823 0 1 2
57099.818935000003 3.9e-05 0.02279629794 0 1 2
57099.818974000002 3.9e-05 0.0227951389 0 1 2
57099.819013 3.9e-05 0.02279392673 0 1 2
57099.819051999999 3.9e-05 0.0227926117 0 1 2
57099.819089999997 3.9e-05 0.02279119965 0 1 2
57099.819129000003 3.9e-05 0.02278962414 0 1 2
57099.819168000002 3.9e-05 0.02278815494 0 1 2
57099.819207 3.9e-05 0.02278697647 0 1 2
57099.819245999999 3.9e-05 0.02278590802 0 1 2
57099.819284999998 3.9e-05 0.02278478091 0 1 2
57099.819323999996 3.9e-05 0.02278370876 0 1 2
57099.819363000002 3.9e-05 0.02278278311 0 1 2
57099.819402000001 3.9e-05 0.02278191886 0 1 2
57099.819441 3.9e-05 0.02278099554 0 1 2
57099.819479999998 3.9e-05 0.02277999122 0 1 2
57099.819518999997 3.9e-05 0.02277901041 0 1 2
57099.819558000003 3.9e-05 0.02277807964 0 1 2
57099.819597000002 3.9e-05 0.0227771962 0 1 2
57099.819636 3.9e-05 0.02277628059 0 1 2
57099.819674999999 3.9e-05 0.02277529125 0 1 2
57099.819713999997 3.9e-05 0.0227742351 0 1 2
57099.819753000003 3.9e-05 0.02277300429 0 1 2
57099.819792000002 3.9e-05 0.02277164542 0 1 2
57099.819831000001 3.9e-05 0.02277023518 0 1 2
57099.819869999999 3.9e-05 0.0227687661 0 1 2
57099.819908999998 3.9e-05 0.02276726354 0 1 2
57099.819947999997 3.9e-05 0.02276578676 0 1 2
57099.819987000003 3.9e-05 0.02276448828 0 1 2
57099.820026000001 3.9e-05 0.02276334776 0 1 2
57099.820065 3.9e-05 0.0227621777 0 1 2
57099.820103999999 3.9e-05 0.02276093863 0 1 2
57099.820142999997 3.9e-05 0.02275975302 0 1 2
57099.820182000003 3.9e-05 0.02275863102 0 1 2
57099.820221000002 3.9e-05 0.02275748427 0 1 2
57099.82026 3.9e-05 0.02275630867 0 1 2
57099.820298999999 3.9e-05 0.0227551165 0 1 2
57099.820337999998 3.9e-05 0.02275392543 0 1 2
57099.820376999996 3.9e-05 0.02275270423 0 1 2
57099.820416000002 3.9e-05 0.02275141822 0 1 2
57099.820455000001 3.9e-05 0.02275011018 0 1 2
57099.820494 3.9e-05 0.02274877904 0 1 2
57099.820531999998 3.9e-05 0.02274740545 0 1 2
57099.820570999997 3.9e-05 0.0227458468 0 1 2
57099.820610000002 3.9e-05 0.02274416922 0 1 2
57099.820649000001 3.9e-05 0.02274262709 0 1 2
57099.820688 3.9e-05 0.02274127182 0 1 2
57099.820726999998 3.9e-05 0.02274005594 0 1 2
57099.820765999997 3.9e-05 0.02273893415 0 1 2
57099.820805000003 3.9e-05 0.02273782717 0 1 2
57099.820844000002 3.9e-05 0.0227367122 0 1 2
57099.820883 3.9e-05 0.02273557284 0 1 2
57099.820921999999 3.9e-05 0.02273438753 0 1 2
57099.820960999998 3.9e-05 0.02273313625 0 1 2
57099.821000000004 3.9e-05 0.02273183752 0 1 2
57099.821039000002 3.9e-05 0.02273048437 0 1 2
57099.821078000001 3.9e-05 0.02272910525 0 1 2
57099.821117 3.9e-05 0.02272775464 0 1 2
57099.821155999998 3.9e-05 0.0227263711 0 1 2
57099.821194999997 3.9e-05 0.02272485291 0 1 2
57099.821234000003 3.9e-05 0.02272322075 0 1 2
57099.821273000001 3.9e-05 0.02272152037 0 1 2
57099.821312 3.9e-05 0.02271984498 0 1 2
57099.821350999999 3.9e-05 0.02271837121 0 1 2
57099.821389999997 3.9e-05 0.02271706184 0 1 2
57099.821429000003 3.9e-05 0.02271583354 0 1 2
57099.821468000002 3.9e-05 0.02271465214 0 1 2
57099.821507000001 3.9e-05 0.02271347793 0 1 2
57099.821545999999 3.9e-05 0.02271230699 0 1 2
57099.821584999998 3.9e-05 0.02271112688 0 1 2
57099.821623999997 3.9e-05 0.02270987205 0 1 2
57099.821663000002 3.9e-05 0.02270852127 0 1 2
57099.821702000001 3.9e-05 0.02270712886 0 1 2
57099.821741 3.9e-05 0.02270566473 0 1 2
57099.821779999998 3.9e-05 0.02270414562 0 1 2
57099.821818999997 3.9e-05 0.02270253418 0 1 2
57099.821858000003 3.9e-05 0.0227007794 0 1 2
57099.821897000002 3.9e-05 0.02269899194 0 1 2
57099.821936 3.9e-05 0.02269726302 0 1 2
57099.821973999999 3.9e-05 0.02269566495 0 1 2
57099.822012999997 3.9e-05 0.02269418333 0 1 2
57099.822052000003 3.9e-05 0.02269288515 0 1 2
57099.822091000002 3.9e-05 0.02269172037 0 1 2
57099.82213 3.9e-05 0.0226906261 0 1 2
57099.822168999999 3.9e-05 0.02268948207 0 1 2
57099.822207999998 3.9e-05 0.02268820592 0 1 2
57099.822246999996 3.9e-05 0.0226869028 0 1 2
57099.822286000002 3.9e-05 0.02268554605 0 1 2
57099.822325000001 3.9e-05 0.0226840765 0 1 2
57099.822364 3.9e-05 0.02268255848 0 1 2
57099.822402999998 3.9e-05 0.02268114616 0 1 2
57099.822441999997 3.9e-05 0.02267981756 0 1 2
57099.822481000003 3.9e-05 0.02267843583 0 1 2
57099.822520000002 3.9e-05 0.02267698175 0 1 2
57099.822559 3.9e-05 0.02267542176 0 1 2
57099.822597999999 3.9e-05 0.02267374101 0 1 2
57099.822636999997 3.9e-05 0.02267201742 0 1 2
57099.822676000003 3.9e-05 0.02267035353 0 1 2
57099.822715000002 3.9e-05 0.02266877478 0 1 2
57099.822754000001 3.9e-05 0.02266732924 0 1 2
57099.822792999999 3.9e-05 0.02266598669 0 1 2
57099.822831999998 3.9e-05 0.02266476091 0 1 2
57099.822870999997 3.9e-05 0.02266358281 0 1 2
57099.822910000003 3.9e-05 0.02266231596 0 1 2
57099.822949000001 3.9e-05 0.02266096712 0 1 2
57099.822988 3.9e-05 0.02265954497 0 1 2
57099.823026999999 3.9e-05 0.02265806832 0 1 2
57099.823065999997 3.9e-05 0.02265658008 0 1 2
57099.823105000003 3.9e-05 0.02265509075 0 1 2
57099.823144000002 3.9e-05 0.02265355311 0 1 2
57099.823183 3.9e-05 0.02265202884 0 1 2
57099.823221999999 3.9e-05 0.02265051078 0 1 2
57099.823260999998 3.9e-05 0.02264892383 0 1 2
57099.823299999996 3.9e-05 0.02264739613 0 1 2
57099.823339000002 3.9e-05 0.02264604721 0 1 2
57099.823378000001 3.9e-05 0.02264476751 0 1 2
57099.823415999999 3.9e-05 0.02264348533 0 1 2
57099.823454999998 3.9e-05 0.02264216051 0 1 2
57099.823493999997 3.9e-05 0.02264080067 0 1 2
57099.823533000002 3.9e-05 0.02263944143 0 1 2
57099.823572000001 3.9e-05 0.02263811571 0 1 2
57099.823611 3.9e-05 0.02263674919 0 1 2
57099.823649999998 3.9e-05 0.02263528788 0 1 2
57099.823688999997 3.9e-05 0.02263378699 0 1 2
57099.823728000003 3.9e-05 0.02263231206 0 1 2
57099.823767000002 3.9e-05 0.02263090616 0 1 2
57099.823806 3.9e-05 0.02262953941 0 1 2
57099.823844999999 3.9e-05 0.02262808659 0 1 2
57099.823883999998 3.9e-05 0.02262655762 0 1 2
57099.823923000004 3.9e-05 0.02262502989 0 1 2
57099.823962000002 3.9e-05 0.02262369446 0 1 2
57099.824001000001 3.9e-05 0.02262260306 0 1 2
57099.82404 3.9e-05 0.0226215434 0 1 2
57099.824078999998 3.9e-05 0.02262040254 0 1 2
57099.824117999997 3.9e-05 0.02261919064 0 1 2
57099.824157000003 3.9e-05 0.02261794251 0 1 2
57099.824196000001 3.9e-05 0.02261660966 0 1 2
57099.824235 3.9e-05 0.02261518503 0 1 2
57099.824273999999 3.9e-05 0.02261375536 0 1 2
57099.824312999997 3.9e-05 0.02261235927 0 1 2
57099.824352000003 3.9e-05 0.02261096196 0 1 2
57099.824391000002 3.9e-05 0.02260949197 0 1 2
57099.824430000001 3.9e-05 0.02260793618 0 1 2
57099.824468999999 3.9e-05 0.02260635405 0 1 2
57099.824507999998 3.9e-05 0.02260482203 0 1 2
57099.824546999997 3.9e-05 0.02260333385 0 1 2
57099.824586000002 3.9e-05 0.02260183988 0 1 2
57099.824625000001 3.9e-05 0.02260052139 0 1 2
57099.824664 3.9e-05 0.02259942281 0 1 2
57099.824702999998 3.9e-05 0.02259843904 0 1 2
57099.824741999997 3.9e-05 0.02259749218 0 1 2
57099.824781000003 3.9e-05 0.02259644402 0 1 2
57099.824820000002 3.9e-05 0.02259530663 0 1 2
57099.824858 3.9e-05 0.02259415739 0 1 2
57099.824896999999 3.9e-05 0.02259291498 0 1 2
57099.824935999997 3.9e-05 0.02259160299 0 1 2
57099.824975000003 3.9e-05 0.02259034194 0 1 2
57099.825014000002 3.9e-05 0.02258920276 0 1 2
57099.825053 3.9e-05 0.02258805774 0 1 2
57099.825091999999 3.9e-05 0.02258678817 0 1 2
57099.825130999998 3.9e-05 0.02258545162 0 1 2
57099.825169999996 3.9e-05 0.02258405358 0 1 2
57099.825209000002 3.9e-05 0.02258254815 0 1 2
57099.825248000001 3.9e-05 0.02258106333 0 1 2
57099.825287 3.9e-05 0.02257979433 0 1 2
57099.825325999998 3.9e-05 0.02257875537 0 1 2
57099.825364999997 3.9e-05 0.02257774306 0 1 2
57099.825404000003 3.9e-05 0.02257662579 0 1 2
57099.825443000002 3.9e-05 0.02257546942 0 1 2
57099.825482 3.9e-05 0.02257439306 0 1 2
57099.825520999999 3.9e-05 0.02257335235 0 1 2
57099.825559999997 3.9e-05 0.0225722235 0 1 2
57099.825599000003 3.9e-05 0.02257095979 0 1 2
57099.825638000002 3.9e-05 0.02256960661 0 1 2
57099.825677000001 3.9e-05 0.02256830695 0 1 2
57099.825715999999 3.9e-05 0.02256706927 0 1 2
57099.825754999998 3.9e-05 0.02256581791 0 1 2
57099.825793999997 3.9e-05 0.02256454474 0 1 2
57099.825833000003 3.9e-05 0.02256324782 0 1 2
57099.825872000001 3.9e-05 0.02256195206 0 1 2
57099.825911 3.9e-05 0.02256075871 0 1 2
57099.825949999999 3.9e-05 0.02255972436 0 1 2
57099.825988999997 3.9e-05 0.02255883065 0 1 2
57099.826028000003 3.9e-05 0.02255801991 0 1 2
57099.826067000002 3.9e-05 0.02255717804 0 1 2
57099.826106 3.9e-05 0.02255626244 0 1 2
57099.826144999999 3.9e-05 0.02255525253 0 1 2
57099.826183999998 3.9e-05 0.02255414249 0 1 2
57099.826222999996 3.9e-05 0.02255299819 0 1 2
57099.826262000002 3.9e-05 0.02255184688 0 1 2
57099.826300000001 3.9e-05 0.02255075719 0 1 2
57099.826338999999 3.9e-05 0.02254969787 0 1 2
57099.826377999998 3.9e-05 0.02254860584 0 1 2
57099.826416999997 3.9e-05 0.0225475195 0 1 2
57099.826456000003 3.9e-05 0.02254645139 0 1 2
57099.826495000001 3.9e-05 0.02254532289 0 1 2
57099.826534 3.9e-05 0.02254420955 0 1 2
57099.826572999998 3.9e-05 0.02254316495 0 1 2
57099.826611999997 3.9e-05 0.02254222144 0 1 2
57099.826651000003 3.9e-05 0.0225413693 0 1 2
57099.826690000002 3.9e-05 0.02254051935 0 1 2
57099.826729 3.9e-05 0.02253962703 0 1 2
57099.826767999999 3.9e-05 0.02253864783 0 1 2
57099.826806999998 3.9e-05 0.02253756188 0 1 2
57099.826846000004 3.9e-05 0.0225363884 0 1 2
57099.826885000002 3.9e-05 0.02253511958 0 1 2
57099.826924000001 3.9e-05 0.02253385279 0 1 2
57099.826963 3.9e-05 0.02253270466 0 1 2
57099.827001999998 3.9e-05 0.02253161061 0 1 2
57099.827040999997 3.9e-05 0.0225305643 0 1 2
57099.827080000003 3.9e-05 0.02252954955 0 1 2
57099.827119000001 3.9e-05 0.02252850939 0 1 2
57099.827158 3.9e-05 0.02252753564 0 1 2
57099.827196999999 3.9e-05 0.02252670181 0 1 2
57099.827235999997 3.9e-05 0.02252601912 0 1 2
57099.827275000003 3.9e-05 0.02252543983 0 1 2
57099.827314000002 3.9e-05 0.02252490028 0 1 2
57099.827353000001 3.9e-05 0.02252432734 0 1 2
57099.827391999999 3.9e-05 0.02252369183 0 1 2
57099.827430999998 3.9e-05 0.022522967 0 1 2
57099.827469999997 3.9e-05 0.02252214797 0 1 2
57099.827509000002 3.9e-05 0.0225212376 0 1 2
57099.827548000001 3.9e-05 0.02252029991 0 1 2
57099.827587 3.9e-05 0.02251939934 0 1 2
57099.827625999998 3.9e-05 0.02251843513 0 1 2
57099.827664999997 3.9e-05 0.02251736102 0 1 2
57099.827704000003 3.9e-05 0.02251623008 0 1 2
57099.827742000001 3.9e-05 0.02251514991 0 1 2
57099.827781 3.9e-05 0.02251404898 0 1 2
57099.827819999999 3.9e-05 0.02251288018 0 1 2
57099.827858999997 3.9e-05 0.02251185008 0 1 2
57099.827898000003 3.9e-05 0.02251108352 0 1 2
57099.827937000002 3.9e-05 0.02251040141 0 1 2
57099.827976 3.9e-05 0.02250975257 0 1 2
57099.828014999999 3.9e-05 0.02250908648 0 1 2
57099.828053999998 3.9e-05 0.02250838924 0 1 2
57099.828092999996 3.9e-05 0.02250769971 0 1 2
57099.828132000002 3.9e-05 0.02250692442 0 1 2
57099.828171000001 3.9e-05 0.02250608575 0 1 2
57099.82821 3.9e-05 0.02250527912 0 1 2
57099.828248999998 3.9e-05 0.02250455647 0 1 2
57099.828287999997 3.9e-05 0.02250388626 0 1 2
57099.828327000003 3.9e-05 0.02250319407 0 1 2
57099.828366000002 3.9e-05 0.02250244039 0 1 2
57099.828405 3.9e-05 0.02250160131 0 1 2
57099.828443999999 3.9e-05 0.02250073295 0 1 2
57099.828482999998 3.9e-05 0.02249990679 0 1 2
57099.828522000003 3.9e-05 0.02249920288 0 1 2
57099.828561000002 3.9e-05 0.02249853517 0 1 2
57099.828600000001 3.9e-05 0.02249789496 0 1 2
57099.828638999999 3.9e-05 0.02249743361 0 1 2
57099.828677999998 3.9e-05 0.02249705809 0 1 2
57099.828716999997 3.9e-05 0.02249663527 0 1 2
57099.828756000003 3.9e-05 0.02249613178 0 1 2
57099.828795000001 3.9e-05 0.02249553721 0 1 2
57099.828834 3.9e-05 0.02249487601 0 1 2
57099.828872999999 3.9e-05 0.02249410012 0 1 2
57099.828911999997 3.9e-05 0.0224932486 0 1 2
57099.828951000003 3.9e-05 0.02249232984 0 1 2
57099.828990000002 3.9e-05 0.02249136835 0 1 2
57099.829029 3.9e-05 0.02249043042 0 1 2
57099.829067999999 3.9e-05 0.0224895988 0 1 2
57099.829106999998 3.9e-05 0.02248890194 0 1 2
57099.829145999996 3.9e-05 0.02248837675 0 1 2
57099.829184000002 3.9e-05 0.02248794346 0 1 2
57099.829223000001 3.9e-05 0.02248735148 0 1 2
57099.829261999999 3.9e-05 0.02248671267 0 1 2
57099.829300999998 3.9e-05 0.02248616878 0 1 2
57099.829339999997 3.9e-05 0.0224856745 0 1 2
57099.829379000003 3.9e-05 0.02248518682 0 1 2
57099.829418000001 3.9e-05 0.02248469221 0 1 2
57099.829457 3.9e-05 0.0224841527 0 1 2
57099.829495999998 3.9e-05 0.02248360537 0 1 2
57099.829534999997 3.9e-05 0.02248306193 0 1 2
57099.829574000003 3.9e-05 0.02248251721 0 1 2
57099.829613000002 3.9e-05 0.02248194033 0 1 2
57099.829652 3.9e-05 0.02248137524 0 1 2
57099.829690999999 3.9e-05 0.02248091162 0 1 2
57099.829729999998 3.9e-05 0.02248048348 0 1 2
57099.829769000004 3.9e-05 0.02248001674 0 1 2
57099.829808000002 3.9e-05 0.0224794967 0 1 2
57099.829847000001 3.9e-05 0.02247897348 0 1 2
57099.829886 3.9e-05 0.02247848456 0 1 2
57099.829924999998 3.9e-05 0.02247798967 0 1 2
57099.829963999997 3.9e-05 0.02247747158 0 1 2
57099.830003000003 3.9e-05 0.022477002 0 1 2
57099.830042000001 3.9e-05 0.02247659102 0 1 2
57099.830081 3.9e-05 0.02247616246 0 1 2
57099.830119999999 3.9e-05 0.02247571587 0 1 2
57099.830158999997 3.9e-05 0.02247530386 0 1 2
57099.830198000003 3.9e-05 0.02247491429 0 1 2
57099.830237000002 3.9e-05 0.02247448898 0 1 2
57099.830276000001 3.9e-05 0.02247402022 0 1 2
57099.830314999999 3.9e-05 0.02247357463 0 1 2
57099.830353999998 3.9e-05 0.02247316982 0 1 2
57099.830392999997 3.9e-05 0.02247275742 0 1 2
57099.830432000002 3.9e-05 0.02247234337 0 1 2
57099.830471000001 3.9e-05 0.02247195876 0 1 2
57099.83051 3.9e-05 0.0224716043 0 1 2
57099.830548999998 3.9e-05 0.0224712621 0 1 2
57099.830587999997 3.9e-05 0.02247090177 0 1 2
57099.830626000003 3.9e-05 0.02247053236 0 1 2
57099.830665000001 3.9e-05 0.02247021431 0 1 2
57099.830704 3.9e-05 0.0224699035 0 1 2
57099.830742999999 3.9e-05 0.02246954726 0 1 2
57099.830781999997 3.9e-05 0.02246923623 0 1 2
57099.830821000003 3.9e-05 0.02246897255 0 1 2
57099.830860000002 3.9e-05 0.02246868698 0 1 2
57099.830899 3.9e-05 0.02246834562 0 1 2
57099.830937999999 3.9e-05 0.0224679939 0 1 2
57099.830976999998 3.9e-05 0.0224677104 0 1 2
57099.831015999996 3.9e-05 0.02246745463 0 1 2
57099.831055000002 3.9e-05 0.02246714839 0 1 2
57099.831094000001 3.9e-05 0.0224184555 0 1 2
57099.831133 3.9e-05 0.02186859019 0 1 2
57099.831171999998 3.9e-05 0.02057113612 0 1 2
57099.831210999997 3.9e-05 0.0187982318 0 1 2
57099.831250000003 3.9e-05 0.0167322951 0 1 2
57099.831289000002 3.9e-05 0.01451660372 0 1 2
57099.831328 3.9e-05 0.01223426667 0 1 2
57099.831366999999 3.9e-05 0.009948092456 0 1 2
57099.831405999998 3.9e-05 0.007764108616 0 1 2
57099.831445000003 3.9e-05 0.005765748289 0 1 2
57099.831484000002 3.9e-05 0.004000755622 0 1 2
57099.831523000001 3.9e-05 0.002525306563 0 1 2
57099.831561999999 3.9e-05 0.001431064694 0 1 2
57099.831600999998 3.9e-05 0.0008704264384 0 1 2
57099.831639999997 3.9e-05 0.0007487267066 0 1 2
57099.831679000003 3.9e-05 0.0007485585702 0 1 2
57099.831718000001 3.9e-05 0.0007484006926 0 0 2
57099.831757 3.9e-05 0.0007482489718 0 1 2
57099.831795999999 3.9e-05 0.0007481033512 0 1 2
57099.831834999997 3.9e-05 0.0007479626311 0 1 2
57099.831874000003 3.9e-05 0.0007478266113 0 1 2
57099.831913000002 3.9e-05 0.000747693418 0 1 2
57099.831952 3.9e-05 0.0007475602085 0 1 2
57099.831990999999 3.9e-05 0.0007474309482 0 1 2
57099.832029999998 3.9e-05 0.0007473108032 0 1 2
57099.832068000003 3.9e-05 0.0007472016647 0 1 2
57099.832107000002 3.9e-05 0.0007470952123 0 1 2
57099.832146000001 3.9e-05 0.0007469990995 0 1 2
57099.832184999999 3.9e-05 0.0007469145066 0 1 2
57099.832223999998 3.9e-05 0.0007468373966 0 1 2
57099.832262999997 3.9e-05 0.0007467676499 0 1 2
57099.832302000003 3.9e-05 0.0007467065997 0 1 2
57099.832341000001 3.9e-05 0.0007466567752 0 1 2
57099.83238 3.9e-05 0.0007466170949 0 1 2
57099.832418999998 3.9e-05 0.0007465833704 0 1 2
57099.832457999997 3.9e-05 0.0007465549885 0 0 2
57099.832497000003 3.9e-05 0.0007465310891 0 1 2
57099.832536000002 3.9e-05 0.0007465152945 0 0 2
57099.832575 3.9e-05 0.000746508735 0 1 2
57099.832613999999 3.9e-05 0.0007465043682 0 1 2
57099.832652999998 3.9e-05 0.0007465056401 0 1 2
57099.832692000004 3.9e-05 0.000746516273 0 0 2
57099.832731000002 3.9e-05 0.0007465327603 0 1 2
57099.832770000001 3.9e-05 0.0007465541213 0 1 2
57099.832809 3.9e-05 0.0007465803852 0 0 2
57099.832847999998 3.9e-05 0.0007466157571 0 0 2
57099.832886999997 3.9e-05 0.0007466630988 0 1 2
57099.832926000003 3.9e-05 0.0007467191799 0 1 2
57099.832965000001 3.9e-05 0.0007467832293 0 1 2
57099.833004 3.9e-05 0.0007468543656 0 0 2
57099.833042999999 3.9e-05 0.0007469349842 0 1 2
57099.833081999997 3.9e-05 0.0007470277215 0 1 2
57099.833121000003 3.9e-05 0.00074712755 0 1 2
57099.833160000002 3.9e-05 0.000747233252 0 1 2
57099.833199000001 3.9e-05 0.0007473493403 0 0 2
57099.833237999999 3.9e-05 0.0007474718864 0 1 2
57099.833276999998 3.9e-05 0.0007475947128 0 1 2
57099.833315999997 3.9e-05 0.0007477190885 0 1 2
57099.833355000002 3.9e-05 0.0007478479669 0 1 2
57099.833394000001 3.9e-05 0.0007479815269 0 1 2
57099.833433 3.9e-05 0.0007481206051 0 1 2
57099.833471999998 3.9e-05 0.0007482666278 0 1 2
57099.833509999997 3.9e-05 0.00074841477 0 1 2
57099.833549000003 3.9e-05 0.0007682966163 0 1 2
57099.833588000001 3.9e-05 0.001118490831 0 1 2
57099.833627 3.9e-05 0.002020646342 0 1 2
57099.833665999999 3.9e-05 0.003356657527 0 1 2
57099.833704999997 3.9e-05 0.005014416645 0 1 2
57099.833744000003 3.9e-05 0.006926663202 0 1 2
57099.833783000002 3.9e-05 0.009044064789 0 1 2
57099.833822000001 3.9e-05 0.01127614414 0 1 2
57099.833860999999 3.9e-05 0.0135717969 0 1 2
57099.833899999998 3.9e-05 0.01583534022 0 1 2
57099.833938999996 3.9e-05 0.01796777412 0 1 2
57099.833978000002 3.9e-05 0.01988136419 0 1 2
57099.834017000001 3.9e-05 0.02140364176 0 1 2
57099.834056 3.9e-05 0.02225567472 0 1 2
57099.834094999998 3.9e-05 0.02246806119 0 1 2
57099.834133999997 3.9e-05 0.02246840331 0 1 2
57099.834173000003 3.9e-05 0.02246870697 0 1 2
57099.834212000002 3.9e-05 0.0224689893 0 1 2
57099.834251 3.9e-05 0.02246934347 0 1 2
57099.834289999999 3.9e-05 0.02246972973 0 1 2
57099.834328999998 3.9e-05 0.02247005932 0 1 2
57099.834368000003 3.9e-05 0.02247036106 0 1 2
57099.834407000002 3.9e-05 0.02247066645 0 1 2
57099.834446000001 3.9e-05 0.02247103011 0 1 2
57099.834484999999 3.9e-05 0.02247140551 0 1 2
57099.834523999998 3.9e-05 0.02247174214 0 1 2
57099.834562999997 3.9e-05 0.02247211865 0 1 2
57099.834602000003 3.9e-05 0.02247251444 0 1 2
57099.834641000001 3.9e-05 0.02247288929 0 1 2
57099.83468 3.9e-05 0.02247326723 0 1 2
57099.834718999999 3.9e-05 0.02247366275 0 1 2
57099.834757999997 3.9e-05 0.02247407896 0 1 2
57099.834797000003 3.9e-05 0.02247452885 0 1 2
57099.834836000002 3.9e-05 0.02247495311 0 1 2
57099.834875 3.9e-05 0.02247540156 0 1 2
57099.834913999999 3.9e-05 0.02247590189 0 1 2
57099.834951999997 3.9e-05 0.02247636324 0 1 2
57099.834991000003 3.9e-05 0.02247679734 0 1 2
57099.835030000002 3.9e-05 0.02247720742 0 1 2
57099.835069000001 3.9e-05 0.02247766497 0 1 2
57099.835107999999 3.9e-05 0.02247814492 0 1 2
57099.835146999998 3.9e-05 0.02247858279 0 1 2
57099.835185999997 3.9e-05 0.02247904739 0 1 2
57099.835225000003 3.9e-05 0.02247957786 0 1 2
57099.835264000001 3.9e-05 0.02248010842 0 1 2
57099.835303 3.9e-05 0.0224806211 0 1 2
57099.835341999998 3.9e-05 0.02248114969 0 1 2
57099.835380999997 3.9e-05 0.02248170186 0 1 2
57099.835420000003 3.9e-05 0.02248222163 0 1 2
57099.835459000002 3.9e-05 0.02248268638 0 1 2
57099.835498 3.9e-05 0.02248314782 0 1 2
57099.835536999999 3.9e-05 0.02248369997 0 1 2
57099.835575999998 3.9e-05 0.02248430932 0 1 2
57099.835615000004 3.9e-05 0.02248489359 0 1 2
57099.835654000002 3.9e-05 0.02248545431 0 1 2
57099.835693000001 3.9e-05 0.02248602364 0 1 2
57099.835732 3.9e-05 0.0224866021 0 1 2
57099.835770999998 3.9e-05 0.02248713152 0 1 2
57099.835809999997 3.9e-05 0.02248764043 0 1 2
57099.835849000003 3.9e-05 0.02248815341 0 1 2
57099.835888000001 3.9e-05 0.0224886986 0 1 2
57099.835927 3.9e-05 0.02248933114 0 1 2
57099.835965999999 3.9e-05 0.02248998457 0 1 2
57099.836004999997 3.9e-05 0.02249050475 0 1 2
57099.836044000003 3.9e-05 0.02249100373 0 1 2
57099.836083000002 3.9e-05 0.02249165941 0 1 2
57099.836122000001 3.9e-05 0.02249247335 0 1 2
57099.836160999999 3.9e-05 0.02249339359 0 1 2
57099.836199999998 3.9e-05 0.02249437621 0 1 2
57099.836238999997 3.9e-05 0.02249534796 0 1 2
57099.836278000002 3.9e-05 0.02249624438 0 1 2
57099.836317000001 3.9e-05 0.0224970796 0 1 2
57099.836356 3.9e-05 0.02249780443 0 1 2
57099.836393999998 3.9e-05 0.02249842948 0 1 2
57099.836432999997 3.9e-05 0.02249900279 0 1 2
57099.836472000003 3.9e-05 0.02249948021 0 1 2
57099.836511000001 3.9e-05 0.02249988796 0 1 2
57099.83655 3.9e-05 0.0225003222 0 1 2
57099.836588999999 3.9e-05 0.02250091665 0 1 2
57099.836627999997 3.9e-05 0.02250161737 0 1 2
57099.836667000003 3.9e-05 0.02250228419 0 1 2
57099.836706000002 3.9e-05 0.02250307932 0 1 2
57099.836745000001 3.9e-05 0.02250399293 0 1 2
57099.836783999999 3.9e-05 0.02250486964 0 1 2
57099.836822999998 3.9e-05 0.02250567813 0 1 2
57099.836861999996 3.9e-05 0.02250641002 0 1 2
57099.836901000002 3.9e-05 0.0225071177 0 1 2
57099.836940000001 3.9e-05 0.02250783474 0 1 2
57099.836979 3.9e-05 0.02250862177 0 1 2
57099.837017999998 3.9e-05 0.02250948561 0 1 2
57099.837056999997 3.9e-05 0.02251032145 0 1 2
57099.837096000003 3.9e-05 0.02251106228 0 1 2
57099.837135000002 3.9e-05 0.02251177632 0 1 2
57099.837174 3.9e-05 0.02251247776 0 1 2
57099.837212999999 3.9e-05 0.02251314765 0 1 2
57099.837251999998 3.9e-05 0.02251383226 0 1 2
57099.837291000003 3.9e-05 0.02251457133 0 1 2
57099.837330000002 3.9e-05 0.02251551866 0 1 2
57099.837369000001 3.9e-05 0.02251666689 0 1 2
57099.837407999999 3.9e-05 0.02251781292 0 1 2
57099.837446999998 3.9e-05 0.02251894942 0 1 2
57099.837485999997 3.9e-05 0.02252010359 0 1 2
57099.837525000003 3.9e-05 0.02252122465 0 1 2
57099.837564000001 3.9e-05 0.02252223894 0 1 2
57099.837603 3.9e-05 0.02252317192 0 1 2
57099.837641999999 3.9e-05 0.02252412214 0 1 2
57099.837680999997 3.9e-05 0.02252507735 0 1 2
57099.837720000003 3.9e-05 0.0225259484 0 1 2
57099.837759000002 3.9e-05 0.02252673387 0 1 2
57099.837798 3.9e-05 0.02252743126 0 1 2
57099.837835999999 3.9e-05 0.02252803001 0 1 2
57099.837874999997 3.9e-05 0.02252858564 0 1 2
57099.837914000003 3.9e-05 0.02252916561 0 1 2
57099.837953000002 3.9e-05 0.02252982079 0 1 2
57099.837992000001 3.9e-05 0.02253060567 0 1 2
57099.838030999999 3.9e-05 0.02253155178 0 1 2
57099.838069999998 3.9e-05 0.02253258327 0 1 2
57099.838108999997 3.9e-05 0.02253362648 0 1 2
57099.838148000003 3.9e-05 0.02253468734 0 1 2
57099.838187000001 3.9e-05 0.02253578672 0 1 2
57099.838226 3.9e-05 0.02253691446 0 1 2
57099.838264999999 3.9e-05 0.02253815942 0 1 2
57099.838303999997 3.9e-05 0.0225394672 0 1 2
57099.838343000003 3.9e-05 0.0225407007 0 1 2
57099.838382000002 3.9e-05 0.02254184875 0 1 2
57099.838421 3.9e-05 0.02254289241 0 1 2
57099.838459999999 3.9e-05 0.02254382234 0 1 2
57099.838498999998 3.9e-05 0.02254471188 0 1 2
57099.838538000004 3.9e-05 0.02254557819 0 1 2
57099.838577000002 3.9e-05 0.02254648296 0 1 2
57099.838616000001 3.9e-05 0.02254751133 0 1 2
57099.838655 3.9e-05 0.02254860789 0 1 2
57099.838693999998 3.9e-05 0.02254975927 0 1 2
57099.838732999997 3.9e-05 0.02255089726 0 1 2
57099.838772000003 3.9e-05 0.02255198226 0 1 2
57099.838811000001 3.9e-05 0.02255308676 0 1 2
57099.83885 3.9e-05 0.02255417133 0 1 2
57099.838888999999 3.9e-05 0.02255528725 0 1 2
57099.838927999997 3.9e-05 0.02255645494 0 1 2
57099.838967000003 3.9e-05 0.02255761684 0 1 2
57099.839006000002 3.9e-05 0.02255875054 0 1 2
57099.839045000001 3.9e-05 0.02255982389 0 1 2
57099.839083999999 3.9e-05 0.02256079766 0 1 2
57099.839122999998 3.9e-05 0.02256167279 0 1 2
57099.839161999997 3.9e-05 0.02256250477 0 1 2
57099.839201000003 3.9e-05 0.02256337903 0 1 2
57099.839240000001 3.9e-05 0.02256438753 0 1 2
57099.839277999999 3.9e-05 0.0225654913 0 1 2
57099.839316999998 3.9e-05 0.02256677039 0 1 2
57099.839355999997 3.9e-05 0.02256809553 0 1 2
57099.839395000003 3.9e-05 0.0225693773 0 1 2
57099.839434000001 3.9e-05 0.02257065545 0 1 2
57099.839473 3.9e-05 0.02257191472 0 1 2
57099.839511999999 3.9e-05 0.02257320092 0 1 2
57099.839550999997 3.9e-05 0.02257456258 0 1 2
57099.839590000003 3.9e-05 0.0225758964 0 1 2
57099.839629000002 3.9e-05 0.02257709983 0 1 2
57099.839668000001 3.9e-05 0.02257818593 0 1 2
57099.839706999999 3.9e-05 0.02257924075 0 1 2
57099.839745999998 3.9e-05 0.02258039303 0 1 2
57099.839784999996 3.9e-05 0.02258156005 0 1 2
57099.839824000002 3.9e-05 0.02258262194 0 1 2
57099.839863000001 3.9e-05 0.02258364998 0 1 2
57099.839902 3.9e-05 0.02258482419 0 1 2
57099.839940999998 3.9e-05 0.0225862541 0 1 2
57099.839979999997 3.9e-05 0.02258778807 0 1 2
57099.840019000003 3.9e-05 0.02258923882 0 1 2
57099.840058000002 3.9e-05 0.02259061624 0 1 2
57099.840097 3.9e-05 0.02259193427 0 1 2
57099.840135999999 3.9e-05 0.02259313828 0 1 2
57099.840174999998 3.9e-05 0.02259427747 0 1 2
57099.840214000003 3.9e-05 0.0225954996 0 1 2
57099.840253000002 3.9e-05 0.02259682312 0 1 2
57099.840292000001 3.9e-05 0.02259810762 0 1 2
57099.840330999999 3.9e-05 0.02259931889 0 1 2
57099.840369999998 3.9e-05 0.02260048587 0 1 2
57099.840408999997 3.9e-05 0.02260159478 0 1 2
57099.840448000003 3.9e-05 0.02260259226 0 1 2
57099.840487000001 3.9e-05 0.02260355388 0 1 2
57099.840526 3.9e-05 0.02260461507 0 1 2
57099.840564999999 3.9e-05 0.02260585755 0 1 2
57099.840603999997 3.9e-05 0.02260731058 0 1 2
57099.840643000003 3.9e-05 0.02260882127 0 1 2
57099.840682000002 3.9e-05 0.02261034182 0 1 2
57099.84072 3.9e-05 0.02261189065 0 1 2
57099.840758999999 3.9e-05 0.02261348162 0 1 2
57099.840797999997 3.9e-05 0.02261499611 0 1 2
57099.840837000003 3.9e-05 0.02261643249 0 1 2
57099.840876000002 3.9e-05 0.02261783368 0 1 2
57099.840915000001 3.9e-05 0.02261925965 0 1 2
57099.840953999999 3.9e-05 0.02262071407 0 1 2
57099.840992999998 3.9e-05 0.02262210482 0 1 2
57099.841031999997 3.9e-05 0.0226233953 0 1 2
57099.841071000003 3.9e-05 0.0226246271 0 1 2
57099.841110000001 3.9e-05 0.02262581051 0 1 2
57099.841149 3.9e-05 0.02262692217 0 1 2
57099.841187999999 3.9e-05 0.02262799012 0 1 2
57099.841226999997 3.9e-05 0.02262921751 0 1 2
57099.841266000003 3.9e-05 0.0226306932 0 1 2
57099.841305000002 3.9e-05 0.02263225395 0 1 2
57099.841344 3.9e-05 0.02263376107 0 1 2
57099.841382999999 3.9e-05 0.02263515746 0 1 2
57099.841421999998 3.9e-05 0.02263655708 0 1 2
57099.841461000004 3.9e-05 0.02263801569 0 1 2
57099.841500000002 3.9e-05 0.02263950197 0 1 2
57099.841539000001 3.9e-05 0.02264100677 0 1 2
57099.841578 3.9e-05 0.02264242823 0 1 2
57099.841616999998 3.9e-05 0.02264376519 0 1 2
57099.841655999997 3.9e-05 0.02264511548 0 1 2
57099.841695000003 3.9e-05 0.02264649895 0 1 2
57099.841734000001 3.9e-05 0.02264785615 0 1 2
57099.841773 3.9e-05 0.02264918226 0 1 2
57099.841811999999 3.9e-05 0.02265047414 0 1 2
57099.841850999997 3.9e-05 0.02265178492 0 1 2
57099.841890000003 3.9e-05 0.0226532629 0 1 2
57099.841929000002 3.9e-05 0.02265485977 0 1 2
57099.841968000001 3.9e-05 0.02265641172 0 1 2
57099.842006999999 3.9e-05 0.02265794019 0 1 2
57099.842045999998 3.9e-05 0.02265949323 0 1 2
57099.842084999997 3.9e-05 0.02266100852 0 1 2
57099.842124000003 3.9e-05 0.02266249155 0 1 2
57099.842162000001 3.9e-05 0.0226639415 0 1 2
57099.842200999999 3.9e-05 0.02266540859 0 1 2
57099.842239999998 3.9e-05 0.02266679774 0 1 2
57099.842278999997 3.9e-05 0.02266810275 0 1 2
57099.842318000003 3.9e-05 0.02266932321 0 1 2
57099.842357000001 3.9e-05 0.02267054205 0 1 2
57099.842396 3.9e-05 0.02267182449 0 1 2
57099.842434999999 3.9e-05 0.02267322488 0 1 2
57099.842473999997 3.9e-05 0.02267478432 0 1 2
57099.842513000003 3.9e-05 0.02267641423 0 1 2
57099.842552000002 3.9e-05 0.02267812453 0 1 2
57099.842591000001 3.9e-05 0.02267984853 0 1 2
57099.842629999999 3.9e-05 0.02268146212 0 1 2
57099.842668999998 3.9e-05 0.02268296355 0 1 2
57099.842707999996 3.9e-05 0.02268439212 0 1 2
57099.842747000002 3.9e-05 0.02268572953 0 1 2
57099.842786000001 3.9e-05 0.0226870958 0 1 2
57099.842825 3.9e-05 0.02268859861 0 1 2
57099.842863999998 3.9e-05 0.02269010298 0 1 2
57099.842902999997 3.9e-05 0.02269151643 0 1 2
57099.842942000003 3.9e-05 0.02269284834 0 1 2
57099.842981000002 3.9e-05 0.02269414116 0 1 2
57099.84302 3.9e-05 0.0226953464 0 1 2
57099.843058999999 3.9e-05 0.02269644728 0 1 2
57099.843097999998 3.9e-05 0.02269755538 0 1 2
57099.843137000003 3.9e-05 0.02269881739 0 1 2
57099.843176000002 3.9e-05 0.02270025056 0 1 2
57099.843215000001 3.9e-05 0.02270183637 0 1 2
57099.843253999999 3.9e-05 0.02270353411 0 1 2
57099.843292999998 3.9e-05 0.02270529932 0 1 2
57099.843331999997 3.9e-05 0.02270709792 0 1 2
57099.843371000003 3.9e-05 0.02270877435 0 1 2
57099.843410000001 3.9e-05 0.02271031415 0 1 2
57099.843449 3.9e-05 0.02271180961 0 1 2
57099.843487999999 3.9e-05 0.02271324708 0 1 2
57099.843526999997 3.9e-05 0.02271462278 0 1 2
57099.843566000003 3.9e-05 0.02271592056 0 1 2
57099.843604000002 3.9e-05 0.02271708094 0 1 2
57099.843643 3.9e-05 0.02271825992 0 1 2
57099.843681999999 3.9e-05 0.02271944087 0 1 2
57099.843720999997 3.9e-05 0.02272062057 0 1 2
57099.843760000003 3.9e-05 0.02272185283 0 1 2
57099.843799000002 3.9e-05 0.02272310889 0 1 2
57099.843838000001 3.9e-05 0.0227245053 0 1 2
57099.843876999999 3.9e-05 0.02272613688 0 1 2
57099.843915999998 3.9e-05 0.02272784276 0 1 2
57099.843954999997 3.9e-05 0.02272950378 0 1 2
57099.843994000003 3.9e-05 0.02273107395 0 1 2
57099.844033000001 3.9e-05 0.02273251771 0 1 2
57099.844072 3.9e-05 0.0227338674 0 1 2
57099.844110999999 3.9e-05 0.02273522944 0 1 2
57099.844149999997 3.9e-05 0.02273661705 0 1 2
57099.844189000003 3.9e-05 0.0227379508 0 1 2
57099.844228000002 3.9e-05 0.02273922162 0 1 2
57099.844267 3.9e-05 0.02274042999 0 1 2
57099.844305999999 3.9e-05 0.02274158299 0 1 2
57099.844344999998 3.9e-05 0.02274272135 0 1 2
57099.844384000004 3.9e-05 0.0227438315 0 1 2
57099.844423000002 3.9e-05 0.02274493778 0 1 2
57099.844462000001 3.9e-05 0.02274612482 0 1 2
57099.844501 3.9e-05 0.0227474264 0 1 2
57099.844539999998 3.9e-05 0.02274888438 0 1 2
57099.844578999997 3.9e-05 0.02275052741 0 1 2
57099.844618000003 3.9e-05 0.02275216391 0 1 2
57099.844657000001 3.9e-05 0.02275363458 0 1 2
57099.844696 3.9e-05 0.02275498755 0 1 2
57099.844734999999 3.9e-05 0.02275630556 0 1 2
57099.844773999997 3.9e-05 0.02275760213 0 1 2
57099.844813000003 3.9e-05 0.02275884964 0 1 2
57099.844852000002 3.9e-05 0.02276005494 0 1 2
57099.844891000001 3.9e-05 0.02276124498 0 1 2
57099.844929999999 3.9e-05 0.0227624349 0 1 2
57099.844968999998 3.9e-05 0.02276359821 0 1 2
57099.845007999997 3.9e-05 0.02276470989 0 1 2
57099.845046000002 3.9e-05 0.02276584707 0 1 2
57099.845085000001 3.9e-05 0.02276709407 0 1 2
57099.845123999999 3.9e-05 0.02276828796 0 1 2
57099.845162999998 3.9e-05 0.02276941965 0 1 2
57099.845201999997 3.9e-05 0.02277064545 0 1 2
57099.845241000003 3.9e-05 0.02277206354 0 1 2
57099.845280000001 3.9e-05 0.02277356126 0 1 2
57099.845319 3.9e-05 0.02277504762 0 1 2
57099.845357999999 3.9e-05 0.02277647789 0 1 2
57099.845396999997 3.9e-05 0.02277786662 0 1 2
57099.845436000003 3.9e-05 0.02277917073 0 1 2
57099.845475000002 3.9e-05 0.02278029533 0 1 2
57099.845514000001 3.9e-05 0.02278130256 0 1 2
57099.845552999999 3.9e-05 0.02278225651 0 1 2
57099.845591999998 3.9e-05 0.02278314885 0 1 2
57099.845630999997 3.9e-05 0.02278404583 0 1 2
57099.845670000002 3.9e-05 0.02278500721 0 1 2
57099.845709000001 3.9e-05 0.02278601723 0 1 2
57099.845748 3.9e-05 0.02278697911 0 1 2
57099.845786999998 3.9e-05 0.02278785234 0 1 2
57099.845825999997 3.9e-05 0.02278873207 0 1 2
57099.845865000003 3.9e-05 0.02278975612 0 1 2
57099.845904000002 3.9e-05 0.02279087676 0 1 2
57099.845943 3.9e-05 0.02279197644 0 1 2
57099.845981999999 3.9e-05 0.02279311512 0 1 2
57099.846020999998 3.9e-05 0.02279444168 0 1 2
57099.846060000003 3.9e-05 0.02279598078 0 1 2
57099.846099000002 3.9e-05 0.02279749804 0 1 2
57099.846138000001 3.9e-05 0.02279885775 0 1 2
57099.846176999999 3.9e-05 0.02280011175 0 1 2
57099.846215999998 3.9e-05 0.02280128206 0 1 2
57099.846254999997 3.9e-05 0.02280241945 0 1 2
57099.846294000003 3.9e-05 0.02280352093 0 1 2
57099.846333000001 3.9e-05 0.02280455571 0 1 2
57099.846372 3.9e-05 0.02280554184 0 1 2
57099.846410999999 3.9e-05 0.02280642927 0 1 2
57099.846449999997 3.9e-05 0.0228072984 0 1 2
57099.846488000003 3.9e-05 0.02280814479 0 1 2
57099.846527000002 3.9e-05 0.02280895399 0 1 2
57099.846566 3.9e-05 0.02280979985 0 1 2
57099.846604999999 3.9e-05 0.02281068457 0 1 2
57099.846643999997 3.9e-05 0.02281149748 0 1 2
57099.846683000003 3.9e-05 0.02281224619 0 1 2
57099.846722000002 3.9e-05 0.02281300231 0 1 2
57099.846761000001 3.9e-05 0.02281383058 0 1 2
57099.846799999999 3.9e-05 0.02281469937 0 1 2
57099.846838999998 3.9e-05 0.02281552678 0 1 2
57099.846877999997 3.9e-05 0.02281639856 0 1 2
57099.846917000003 3.9e-05 0.0228173585 0 1 2
57099.846956000001 3.9e-05 0.0228184336 0 1 2
57099.846995 3.9e-05 0.02281961674 0 1 2
57099.847033999999 3.9e-05 0.02282073321 0 1 2
57099.847072999997 3.9e-05 0.02282175621 0 1 2
57099.847112000003 3.9e-05 0.0228227349 0 1 2
57099.847151000002 3.9e-05 0.02282361956 0 1 2
57099.84719 3.9e-05 0.02282450618 0 1 2
57099.847228999999 3.9e-05 0.02282541566 0 1 2
57099.847267999998 3.9e-05 0.02282624466 0 1 2
57099.847306999996 3.9e-05 0.0228270093 0 1 2
57099.847346000002 3.9e-05 0.02282780383 0 1 2
57099.847385000001 3.9e-05 0.0228286071 0 1 2
57099.847424 3.9e-05 0.02282935975 0 1 2
57099.847462999998 3.9e-05 0.02283009683 0 1 2
57099.847501999997 3.9e-05 0.0228308585 0 1 2
57099.847541000003 3.9e-05 0.02283164891 0 1 2
57099.847580000001 3.9e-05 0.02283242686 0 1 2
57099.847619 3.9e-05 0.02283323156 0 1 2
57099.847657999999 3.9e-05 0.02283400158 0 1 2
57099.847696999997 3.9e-05 0.02283469293 0 1 2
57099.847736000003 3.9e-05 0.02283542714 0 1 2
57099.847775000002 3.9e-05 0.02283619798 0 1 2
57099.847814000001 3.9e-05 0.02283690461 0 1 2
57099.847852999999 3.9e-05 0.02283756494 0 1 2
57099.847891999998 3.9e-05 0.02283823399 0 1 2
57099.847930000004 3.9e-05 0.0228388416 0 1 2
57099.847969000002 3.9e-05 0.02283943441 0 1 2
57099.848008000001 3.9e-05 0.02284004132 0 1 2
57099.848046999999 3.9e-05 0.02284061406 0 1 2
57099.848085999998 3.9e-05 0.02284115302 0 1 2
57099.848124999997 3.9e-05 0.02284169684 0 1 2
57099.848164000003 3.9e-05 0.0228422878 0 1 2
57099.848203000001 3.9e-05 0.02284293182 0 1 2
57099.848242 3.9e-05 0.02284359158 0 1 2
57099.848280999999 3.9e-05 0.02284429661 0 1 2
57099.848319999997 3.9e-05 0.02284500337 0 1 2
57099.848359000003 3.9e-05 0.02284564594 0 1 2
57099.848398000002 3.9e-05 0.02284628898 0 1 2
57099.848437000001 3.9e-05 0.02284694707 0 1 2
57099.848475999999 3.9e-05 0.02284754765 0 1 2
57099.848514999998 3.9e-05 0.0228481181 0 1 2
57099.848553999997 3.9e-05 0.02284868335 0 1 2
57099.848593000002 3.9e-05 0.02284918375 0 1 2
57099.848632000001 3.9e-05 0.02284965512 0 1 2
57099.848671 3.9e-05 0.02285019834 0 1 2
57099.848709999998 3.9e-05 0.02285072694 0 1 2
57099.848748999997 3.9e-05 0.02285116504 0 1 2
57099.848788000003 3.9e-05 0.02285161736 0 1 2
57099.848827000002 3.9e-05 0.02285205233 0 1 2
57099.848866 3.9e-05 0.02285250111 0 1 2
57099.848904999999 3.9e-05 0.02285300758 0 1 2
57099.848943999998 3.9e-05 0.02285350165 0 1 2
57099.848983000003 3.9e-05 0.02285395785 0 1 2
57099.849022000002 3.9e-05 0.0228543973 0 1 2
57099.849061000001 3.9e-05 0.02285485117 0 1 2
57099.849099999999 3.9e-05 0.0228552845 0 1 2
57099.849138999998 3.9e-05 0.02285563444 0 1 2
57099.849177999997 3.9e-05 0.02285595696 0 1 2
57099.849217000003 3.9e-05 0.0228563131 0 1 2
57099.849256000001 3.9e-05 0.02285659446 0 1 2
57099.849295 3.9e-05 0.0228568193 0 1 2
57099.849333999999 3.9e-05 0.0228569835 0 1 2
57099.849371999997 3.9e-05 0.02285703969 0 1 2
57099.849411000003 3.9e-05 0.02285712928 0 1 2
57099.849450000002 3.9e-05 0.02285733001 0 1 2
57099.849489 3.9e-05 0.02285764657 0 1 2
57099.849527999999 3.9e-05 0.02285801468 0 1 2
57099.849566999997 3.9e-05 0.02285837402 0 1 2
57099.849606000003 3.9e-05 0.02285875383 0 1 2
57099.849645000002 3.9e-05 0.02285917221 0 1 2
57099.849684000001 3.9e-05 0.02285961255 0 1 2
57099.849722999999 3.9e-05 0.02286004762 0 1 2
57099.849761999998 3.9e-05 0.02286039753 0 1 2
57099.849800999997 3.9e-05 0.02286071556 0 1 2
57099.849840000003 3.9e-05 0.02286109731 0 1 2
57099.849879000001 3.9e-05 0.02286145851 0 1 2
57099.849918 3.9e-05 0.02286178524 0 1 2
57099.849956999999 3.9e-05 0.02286209827 0 1 2
57099.849995999997 3.9e-05 0.02286234271 0 1 2
57099.850035000003 3.9e-05 0.02286250674 0 1 2
57099.850074000002 3.9e-05 0.02286263255 0 1 2
57099.850113 3.9e-05 0.02286269841 0 1 2
57099.850151999999 3.9e-05 0.0228627216 0 1 2
57099.850190999998 3.9e-05 0.02286269437 0 1 2
57099.850229999996 3.9e-05 0.02286256277 0 1 2
57099.850269000002 3.9e-05 0.02286229855 0 1 2
57099.850308000001 3.9e-05 0.02286189046 0 1 2
57099.850347 3.9e-05 0.02286157225 0 1 2
57099.850385999998 3.9e-05 0.02286154754 0 1 2
57099.850424999997 3.9e-05 0.02286163579 0 1 2
57099.850464000003 3.9e-05 0.02286166293 0 1 2
57099.850503000001 3.9e-05 0.0228617352 0 1 2
57099.850542 3.9e-05 0.02286195095 0 1 2
57099.850580999999 3.9e-05 0.02286223324 0 1 2
57099.850619999997 3.9e-05 0.02286245571 0 1 2
57099.850659000003 3.9e-05 0.02286259328 0 1 2
57099.850698000002 3.9e-05 0.02286274351 0 1 2
57099.850737000001 3.9e-05 0.02286293647 0 1 2
57099.850775999999 3.9e-05 0.02286318267 0 1 2
57099.850813999998 3.9e-05 0.0228633959 0 1 2
57099.850853000004 3.9e-05 0.02286353513 0 1 2
57099.850892000002 3.9e-05 0.02286360994 0 1 2
57099.850931000001 3.9e-05 0.02286351222 0 1 2
57099.85097 3.9e-05 0.02286327388 0 1 2
57099.851008999998 3.9e-05 0.02286297976 0 1 2
57099.851047999997 3.9e-05 0.02286262254 0 1 2
57099.851087000003 3.9e-05 0.02286222505 0 1 2
57099.851126000001 3.9e-05 0.02286184641 0 1 2
57099.851165 3.9e-05 0.02286162733 0 1 2
57099.851203999999 3.9e-05 0.02286156708 0 1 2
57099.851242999997 3.9e-05 0.02286149117 0 1 2
57099.851282000003 3.9e-05 0.02286134606 0 1 2
57099.851321000002 3.9e-05 0.02286123272 0 1 2
57099.851360000001 3.9e-05 0.02286117766 0 1 2
57099.851398999999 3.9e-05 0.02286110414 0 1 2
57099.851437999998 3.9e-05 0.02286099456 0 1 2
57099.851476999997 3.9e-05 0.02286086407 0 1 2
57099.851516000002 3.9e-05 0.02286073187 0 1 2
57099.851555000001 3.9e-05 0.02286056684 0 1 2
57099.851594 3.9e-05 0.0228603327 0 1 2
57099.851632999998 3.9e-05 0.02286006804 0 1 2
57099.851671999997 3.9e-05 0.02285978109 0 1 2
57099.851711000003 3.9e-05 0.02285941595 0 1 2
57099.851750000002 3.9e-05 0.02285889797 0 1 2
57099.851789 3.9e-05 0.02285824434 0 1 2
57099.851827999999 3.9e-05 0.02285771085 0 1 2
57099.851866999998 3.9e-05 0.02285736878 0 1 2
57099.851906000004 3.9e-05 0.0228571616 0 1 2
57099.851945000002 3.9e-05 0.0228570399 0 1 2
57099.851984000001 3.9e-05 0.02285693808 0 1 2
57099.852022999999 3.9e-05 0.02285682669 0 1 2
57099.852061999998 3.9e-05 0.02285668282 0 1 2
57099.852100999997 3.9e-05 0.02285649283 0 1 2
57099.852140000003 3.9e-05 0.02285622903 0 1 2
57099.852179000001 3.9e-05 0.02285591361 0 1 2
57099.852218 3.9e-05 0.02285554051 0 1 2
57099.852255999998 3.9e-05 0.02285513502 0 1 2
57099.852294999997 3.9e-05 0.0228547467 0 1 2
57099.852334000003 3.9e-05 0.02285433354 0 1 2
57099.852373000002 3.9e-05 0.0228537791 0 1 2
57099.852412 3.9e-05 0.02285310485 0 1 2
57099.852450999999 3.9e-05 0.02285235215 0 1 2
57099.852489999997 3.9e-05 0.02285160345 0 1 2
57099.852529000003 3.9e-05 0.02285104012 0 1 2
57099.852568000002 3.9e-05 0.02285065664 0 1 2
57099.852607000001 3.9e-05 0.02285035399 0 1 2
57099.852645999999 3.9e-05 0.02285008082 0 1 2
57099.852684999998 3.9e-05 0.02284982122 0 1 2
57099.852723999997 3.9e-05 0.02284956315 0 1 2
57099.852763000003 3.9e-05 0.02284928916 0 1 2
57099.852802000001 3.9e-05 0.02284894391 0 1 2
57099.852841 3.9e-05 0.02284849144 0 1 2
57099.852879999999 3.9e-05 0.02284798893 0 1 2
57099.852918999997 3.9e-05 0.02284741006 0 1 2
57099.852958000003 3.9e-05 0.0228467682 0 1 2
57099.852997000002 3.9e-05 0.02284603486 0 1 2
57099.853036 3.9e-05 0.02284515054 0 1 2
57099.853074999999 3.9e-05 0.02284421501 0 1 2
57099.853113999998 3.9e-05 0.02284332975 0 1 2
57099.853152999996 3.9e-05 0.02284252363 0 1 2
57099.853192000002 3.9e-05 0.02284187006 0 1 2
57099.853231000001 3.9e-05 0.02284139903 0 1 2
57099.85327 3.9e-05 0.02284105801 0 1 2
57099.853308999998 3.9e-05 0.02284078934 0 1 2
57099.853347999997 3.9e-05 0.0228404706 0 1 2
57099.853387000003 3.9e-05 0.02284001795 0 1 2
57099.853426000001 3.9e-05 0.02283952905 0 1 2
57099.853465 3.9e-05 0.02283898022 0 1 2
57099.853503999999 3.9e-05 0.02283831437 0 1 2
57099.853542999997 3.9e-05 0.02283758682 0 1 2
57099.853582000003 3.9e-05 0.02283695061 0 1 2
57099.853621000002 3.9e-05 0.02283640331 0 1 2
57099.853660000001 3.9e-05 0.02283580029 0 1 2
57099.853697999999 3.9e-05 0.02283513436 0 1 2
57099.853736999998 3.9e-05 0.02283434388 0 1 2
57099.853776000004 3.9e-05 0.02283342678 0 1 2
57099.853815000002 3.9e-05 0.02283244964 0 1 2
57099.853854000001 3.9e-05 0.02283151724 0 1 2
57099.853893 3.9e-05 0.02283066962 0 1 2
57099.853931999998 3.9e-05 0.02282994699 0 1 2
57099.853970999997 3.9e-05 0.02282932579 0 1 2
57099.854010000003 3.9e-05 0.0228288133 0 1 2
57099.854049000001 3.9e-05 0.02282834666 0 1 2
57099.854088 3.9e-05 0.02282779469 0 1 2
57099.854126999999 3.9e-05 0.02282715557 0 1 2
57099.854165999997 3.9e-05 0.02282643954 0 1 2
57099.854205000003 3.9e-05 0.022825654 0 1 2
57099.854244000002 3.9e-05 0.02282484841 0 1 2
57099.854283000001 3.9e-05 0.02282404135 0 1 2
57099.854321999999 3.9e-05 0.02282318204 0 1 2
57099.854360999998 3.9e-05 0.02282232262 0 1 2
57099.854399999997 3.9e-05 0.02282146337 0 1 2
57099.854439000002 3.9e-05 0.0228205382 0 1 2
57099.854478000001 3.9e-05 0.0228196488 0 1 2
57099.854517 3.9e-05 0.02281892456 0 1 2
57099.854555999998 3.9e-05 0.02281828122 0 1 2
57099.854594999997 3.9e-05 0.02281760336 0 1 2
57099.854634000003 3.9e-05 0.0228169104 0 1 2
57099.854673000002 3.9e-05 0.02281617449 0 1 2
57099.854712 3.9e-05 0.02281542806 0 1 2
57099.854750999999 3.9e-05 0.02281471263 0 1 2
57099.854789999998 3.9e-05 0.022813958 0 1 2
57099.854829000004 3.9e-05 0.02281309809 0 1 2
57099.854868000002 3.9e-05 0.02281218469 0 1 2
57099.854907000001 3.9e-05 0.0228112964 0 1 2
57099.854945999999 3.9e-05 0.02281046358 0 1 2
57099.854984999998 3.9e-05 0.02280966579 0 1 2
57099.855023999997 3.9e-05 0.02280878995 0 1 2
57099.855063000003 3.9e-05 0.02280782628 0 1 2
57099.855102000001 3.9e-05 0.02280684691 0 1 2
57099.85514 3.9e-05 0.02280606319 0 1 2
57099.855178999998 3.9e-05 0.02280551106 0 1 2
57099.855217999997 3.9e-05 0.02280500359 0 1 2
57099.855257000003 3.9e-05 0.02280440493 0 1 2
57099.855296000002 3.9e-05 0.02280373119 0 1 2
57099.855335 3.9e-05 0.02280302371 0 1 2
57099.855373999999 3.9e-05 0.02280222826 0 1 2
57099.855412999997 3.9e-05 0.02280132524 0 1 2
57099.855452000003 3.9e-05 0.02280040381 0 1 2
57099.855491000002 3.9e-05 0.02279951296 0 1 2
57099.855530000001 3.9e-05 0.02279861645 0 1 2
57099.855568999999 3.9e-05 0.0227976421 0 1 2
57099.855607999998 3.9e-05 0.02279657781 0 1 2
57099.855646999997 3.9e-05 0.02279547487 0 1 2
57099.855686000003 3.9e-05 0.02279440885 0 1 2
57099.855725000001 3.9e-05 0.02279338843 0 1 2
57099.855764 3.9e-05 0.02279235095 0 1 2
57099.855802999999 3.9e-05 0.02279147024 0 1 2
57099.855841999997 3.9e-05 0.02279081791 0 1 2
57099.855881000003 3.9e-05 0.02279028324 0 1 2
57099.855920000002 3.9e-05 0.02278978821 0 1 2
57099.855959 3.9e-05 0.02278919655 0 1 2
57099.855997999999 3.9e-05 0.02278850616 0 1 2
57099.856036999998 3.9e-05 0.02278776966 0 1 2
57099.856075999996 3.9e-05 0.02278696734 0 1 2
57099.856115000002 3.9e-05 0.02278608371 0 1 2
57099.856154000001 3.9e-05 0.02278523363 0 1 2
57099.856193 3.9e-05 0.02278450726 0 1 2
57099.856231999998 3.9e-05 0.02278377907 0 1 2
57099.856270999997 3.9e-05 0.02278291938 0 1 2
57099.856310000003 3.9e-05 0.02278198484 0 1 2
57099.856349000002 3.9e-05 0.02278098429 0 1 2
57099.856388 3.9e-05 0.02277987508 0 1 2
57099.856426999999 3.9e-05 0.02277877322 0 1 2
57099.856465999997 3.9e-05 0.0227778647 0 1 2
57099.856505000003 3.9e-05 0.02277719139 0 1 2
57099.856544000002 3.9e-05 0.0227765582 0 1 2
57099.856582 3.9e-05 0.02277584031 0 1 2
57099.856620999999 3.9e-05 0.02277505221 0 1 2
57099.856659999998 3.9e-05 0.02277432851 0 1 2
57099.856699000004 3.9e-05 0.02277364959 0 1 2
57099.856738000002 3.9e-05 0.02277288662 0 1 2
57099.856777000001 3.9e-05 0.02277198493 0 1 2
57099.856816 3.9e-05 0.02277097607 0 1 2
57099.856854999998 3.9e-05 0.02277000726 0 1 2
57099.856893999997 3.9e-05 0.02276910223 0 1 2
57099.856933000003 3.9e-05 0.02276817936 0 1 2
57099.856972000001 3.9e-05 0.02276722498 0 1 2
57099.857011 3.9e-05 0.02276624974 0 1 2
57099.857049999999 3.9e-05 0.02276526499 0 1 2
57099.857088999997 3.9e-05 0.02276437423 0 1 2
57099.857128000003 3.9e-05 0.02276363825 0 1 2
57099.857167000002 3.9e-05 0.02276303344 0 1 2
57099.857206000001 3.9e-05 0.02276252244 0 1 2
57099.857244999999 3.9e-05 0.02276198357 0 1 2
57099.857283999998 3.9e-05 0.02276137343 0 1 2
57099.857322999997 3.9e-05 0.02276066525 0 1 2
57099.857362000002 3.9e-05 0.02275985084 0 1 2
57099.857401000001 3.9e-05 0.0227589924 0 1 2
57099.85744 3.9e-05 0.0227581199 0 1 2
57099.857478999998 3.9e-05 0.02275727191 0 1 2
57099.857517999997 3.9e-05 0.02275647977 0 1 2
57099.857557000003 3.9e-05 0.02275565714 0 1 2
57099.857596000002 3.9e-05 0.02275483352 0 1 2
57099.857635 3.9e-05 0.02275402655 0 1 2
57099.857673999999 3.9e-05 0.0227531513 0 1 2
57099.857712999998 3.9e-05 0.02275228742 0 1 2
57099.857752000004 3.9e-05 0.02275149096 0 1 2
57099.857791000002 3.9e-05 0.02275078621 0 1 2
57099.857830000001 3.9e-05 0.02275017934 0 1 2
57099.857868999999 3.9e-05 0.02274957701 0 1 2
57099.857907999998 3.9e-05 0.02274892606 0 1 2
57099.857946999997 3.9e-05 0.02274819288 0 1 2
57099.857986000003 3.9e-05 0.02274734839 0 1 2
57099.858024000001 3.9e-05 0.02274643429 0 1 2
57099.858063 3.9e-05 0.02274539725 0 1 2
57099.858101999998 3.9e-05 0.02274434274 0 1 2
57099.858140999997 3.9e-05 0.02274340097 0 1 2
57099.858180000003 3.9e-05 0.02274252105 0 1 2
57099.858219000002 3.9e-05 0.0227416801 0 1 2
57099.858258 3.9e-05 0.02274086745 0 1 2
57099.858296999999 3.9e-05 0.02274002844 0 1 2
57099.858335999998 3.9e-05 0.02273924684 0 1 2
57099.858375000003 3.9e-05 0.02273859434 0 1 2
57099.858414000002 3.9e-05 0.02273809717 0 1 2
57099.858453000001 3.9e-05 0.02273770362 0 1 2
57099.858491999999 3.9e-05 0.02273735094 0 1 2
57099.858530999998 3.9e-05 0.02273697618 0 1 2
57099.858569999997 3.9e-05 0.02273653816 0 1 2
57099.858609000003 3.9e-05 0.02273600631 0 1 2
57099.858648000001 3.9e-05 0.0227353764 0 1 2
57099.858687 3.9e-05 0.02273465166 0 1 2
57099.858725999999 3.9e-05 0.0227338865 0 1 2
57099.858764999997 3.9e-05 0.02273315674 0 1 2
57099.858804000003 3.9e-05 0.02273236879 0 1 2
57099.858843000002 3.9e-05 0.02273146882 0 1 2
57099.858882 3.9e-05 0.02273050306 0 1 2
57099.858920999999 3.9e-05 0.0227295471 0 1 2
57099.858959999998 3.9e-05 0.02272860005 0 1 2
57099.858998999996 3.9e-05 0.0227275865 0 1 2
57099.859038000002 3.9e-05 0.02272669363 0 1 2
57099.859077000001 3.9e-05 0.02272606262 0 1 2
57099.859116 3.9e-05 0.02272552395 0 1 2
57099.859154999998 3.9e-05 0.02272501916 0 1 2
57099.859193999997 3.9e-05 0.02272449781 0 1 2
57099.859233000003 3.9e-05 0.02272394629 0 1 2
57099.859272000002 3.9e-05 0.02272340199 0 1 2
57099.859311 3.9e-05 0.02272277165 0 1 2
57099.859349999999 3.9e-05 0.02272207044 0 1 2
57099.859388999997 3.9e-05 0.02272139011 0 1 2
57099.859428000003 3.9e-05 0.02272079398 0 1 2
57099.859466000002 3.9e-05 0.02272026673 0 1 2
57099.859505 3.9e-05 0.02271970147 0 1 2
57099.859543999999 3.9e-05 0.02271907717 0 1 2
57099.859582999998 3.9e-05 0.02271836286 0 1 2
57099.859622000004 3.9e-05 0.02271761353 0 1 2
57099.859661000002 3.9e-05 0.02271689237 0 1 2
57099.859700000001 3.9e-05 0.02271629095 0 1 2
57099.859739 3.9e-05 0.02271573605 0 1 2
57099.859777999998 3.9e-05 0.02271518649 0 1 2
57099.859816999997 3.9e-05 0.02271481838 0 1 2
57099.859856000003 3.9e-05 0.02271455065 0 1 2
57099.859895000001 3.9e-05 0.02271423601 0 1 2
57099.859934 3.9e-05 0.02271383826 0 1 2
57099.859972999999 3.9e-05 0.02271334365 0 1 2
57099.860011999997 3.9e-05 0.02271278496 0 1 2
57099.860051000003 3.9e-05 0.02271210832 0 1 2
57099.860090000002 3.9e-05 0.02271135248 0 1 2
57099.860129000001 3.9e-05 0.02271053405 0 1 2
57099.860167999999 3.9e-05 0.02270966288 0 1 2
57099.860206999998 3.9e-05 0.02270881092 0 1 2
57099.860245999997 3.9e-05 0.0227080548 0 1 2
57099.860285000002 3.9e-05 0.02270742626 0 1 2
57099.860324000001 3.9e-05 0.02270697486 0 1 2
57099.860363 3.9e-05 0.02270661478 0 1 2
57099.860401999998 3.9e-05 0.02270611343 0 1 2
57099.860440999997 3.9e-05 0.02270555187 0 1 2
57099.860480000003 3.9e-05 0.02270507874 0 1 2
57099.860519000002 3.9e-05 0.02270469036 0 1 2
57099.860558 3.9e-05 0.02270429212 0 1 2
57099.860596999999 3.9e-05 0.02270385188 0 1 2
57099.860635999998 3.9e-05 0.02270344267 0 1 2
57099.860675000004 3.9e-05 0.02270310599 0 1 2
57099.860714000002 3.9e-05 0.02270276429 0 1 2
57099.860753000001 3.9e-05 0.02270239444 0 1 2
57099.860791999999 3.9e-05 0.02270199928 0 1 2
57099.860830999998 3.9e-05 0.02270151229 0 1 2
57099.860869999997 3.9e-05 0.02270091886 0 1 2
57099.860908000002 3.9e-05 0.0227002473 0 1 2
57099.860947000001 3.9e-05 0.02269956578 0 1 2
57099.860986 3.9e-05 0.02269899405 0 1 2
57099.861024999998 3.9e-05 0.02269851176 0 1 2
57099.861063999997 3.9e-05 0.02269803807 0 1 2
57099.861103000003 3.9e-05 0.0226975542 0 1 2
57099.861142000002 3.9e-05 0.02269722092 0 1 2
57099.861181 3.9e-05 0.02269698625 0 1 2
57099.861219999999 3.9e-05 0.02269671974 0 1 2
57099.861258999998 3.9e-05 0.02269649101 0 1 2
57099.861298000003 3.9e-05 0.02269630809 0 1 2
57099.861337000002 3.9e-05 0.02269604879 0 1 2
57099.861376000001 3.9e-05 0.02269571861 0 1 2
57099.861414999999 3.9e-05 0.02269535163 0 1 2
57099.861453999998 3.9e-05 0.02269496458 0 1 2
57099.861492999997 3.9e-05 0.02269456976 0 1 2
57099.861532000003 3.9e-05 0.02269410047 0 1 2
57099.861571000001 3.9e-05 0.02269359897 0 1 2
57099.86161 3.9e-05 0.02269310842 0 1 2
57099.861648999999 3.9e-05 0.02269266144 0 1 2
57099.861687999997 3.9e-05 0.02269220137 0 1 2
57099.861727000003 3.9e-05 0.02269166288 0 1 2
57099.861766000002 3.9e-05 0.02269110511 0 1 2
57099.861805 3.9e-05 0.02269069294 0 1 2
57099.861843999999 3.9e-05 0.02269036962 0 1 2
57099.861882999998 3.9e-05 0.02268997838 0 1 2
57099.861921999996 3.9e-05 0.02268956107 0 1 2
57099.861961000002 3.9e-05 0.0226892415 0 1 2
57099.862000000001 3.9e-05 0.02268909712 0 1 2
57099.862039 3.9e-05 0.0226890457 0 1 2
57099.862077999998 3.9e-05 0.02268900404 0 1 2
57099.862116999997 3.9e-05 0.02268890649 0 1 2
57099.862156000003 3.9e-05 0.02268874559 0 1 2
57099.862195000002 3.9e-05 0.02268858537 0 1 2
57099.862234 3.9e-05 0.02268847049 0 1 2
57099.862272999999 3.9e-05 0.0226883928 0 1 2
57099.862311999997 3.9e-05 0.02268826368 0 1 2
57099.862350000003 3.9e-05 0.02268792881 0 1 2
57099.862389000002 3.9e-05 0.02268735461 0 1 2
57099.862428 3.9e-05 0.02268675322 0 1 2
57099.862466999999 3.9e-05 0.02268614952 0 1 2
57099.862505999998 3.9e-05 0.02268541501 0 1 2
57099.862545000004 3.9e-05 0.02268470403 0 1 2
57099.862584000002 3.9e-05 0.02268404019 0 1 2
57099.862623000001 3.9e-05 0.02268319878 0 1 2
57099.862662 3.9e-05 0.02268249733 0 1 2
57099.862700999998 3.9e-05 0.02268200068 0 1 2
57099.862739999997 3.9e-05 0.02268159811 0 1 2
57099.862779000003 3.9e-05 0.02268129567 0 1 2
57099.862818000001 3.9e-05 0.02268090984 0 1 2
57099.862857 3.9e-05 0.02268086008 0 1 2
57099.862895999999 3.9e-05 0.02268092407 0 1 2
57099.862934999997 3.9e-05 0.022680883 0 1 2
57099.862974000003 3.9e-05 0.02268096863 0 1 2
57099.863013000002 3.9e-05 0.02268092474 0 1 2
57099.863052000001 3.9e-05 0.02268070303 0 1 2
57099.863090999999 3.9e-05 0.02268061778 0 1 2
57099.863129999998 3.9e-05 0.02268051625 0 1 2
57099.863168999997 3.9e-05 0.02268051261 0 1 2
57099.863208000002 3.9e-05 0.02268046726 0 1 2
57099.863247000001 3.9e-05 0.02268028525 0 1 2
57099.863286 3.9e-05 0.02267990653 0 1 2
57099.863324999998 3.9e-05 0.02267954361 0 1 2
57099.863363999997 3.9e-05 0.02267950104 0 1 2
57099.863403000003 3.9e-05 0.02267948852 0 1 2
57099.863442000002 3.9e-05 0.02267940489 0 1 2
57099.863481 3.9e-05 0.02267919958 0 1 2
57099.863519999999 3.9e-05 0.02267927394 0 1 2
57099.863558999998 3.9e-05 0.02267932109 0 1 2
57099.863598000004 3.9e-05 0.02267930524 0 1 2
57099.863637000002 3.9e-05 0.02267923735 0 1 2
57099.863676000001 3.9e-05 0.02267901197 0 1 2
57099.863715 3.9e-05 0.02267899865 0 1 2
57099.863753999998 3.9e-05 0.02267894493 0 1 2
57099.863791999996 3.9e-05 0.02267886723 0 1 2
57099.863831000002 3.9e-05 0.02267899372 0 1 2
57099.863870000001 3.9e-05 0.02267934738 0 1 2
57099.863909 3.9e-05 0.02267945331 0 1 2
57099.863947999998 3.9e-05 0.02267927749 0 1 2
57099.863986999997 3.9e-05 0.02267944026 0 1 2
57099.864026000003 3.9e-05 0.02267925959 0 1 2
57099.864065000002 3.9e-05 0.02267912783 0 1 2
57099.864104 3.9e-05 0.0226792211 0 1 2
57099.864142999999 3.9e-05 0.02267930756 0 1 2
57099.864181999998 3.9e-05 0.02267963821 0 1 2
57099.864221000003 3.9e-05 0.02267979133 0 1 2
57099.864260000002 3.9e-05 0.02268002341 0 1 2
57099.864299000001 3.9e-05 0.02268017138 0 1 2
57099.864337999999 3.9e-05 0.02268006658 0 1 2
57099.864376999998 3.9e-05 0.0226799989 0 1 2
57099.864415999997 3.9e-05 0.02268010927 0 1 2
57099.864455000003 3.9e-05 0.02268025582 0 1 2
57099.864494000001 3.9e-05 0.0226804102 0 1 2
57099.864533 3.9e-05 0.0226805156 0 1 2
57099.864571999999 3.9e-05 0.02268060282 0 1 2
57099.864610999997 3.9e-05 0.02268055492 0 1 2
57099.864650000003 3.9e-05 0.02268043959 0 1 2
57099.864689000002 3.9e-05 0.02268056791 0 1 2
57099.864728 3.9e-05 0.02268060959 0 1 2
57099.864766999999 3.9e-05 0.02268072199 0 1 2
57099.864805999998 3.9e-05 0.02268102371 0 1 2
57099.864844999996 3.9e-05 0.02268141402 0 1 2
57099.864884000002 3.9e-05 0.02268210163 0 1 2
57099.864923000001 3.9e-05 0.0226829303 0 1 2
57099.864962 3.9e-05 0.02268363283 0 1 2
57099.865000999998 3.9e-05 0.02268429504 0 1 2
57099.865039999997 3.9e-05 0.02268499294 0 1 2
57099.865079000003 3.9e-05 0.0226856222 0 1 2
57099.865118000002 3.9e-05 0.02268623305 0 1 2
57099.865157 3.9e-05 0.02268683311 0 1 2
57099.865195999999 3.9e-05 0.02268723974 0 1 2
57099.865233999997 3.9e-05 0.02268742603 0 1 2
57099.865273000003 3.9e-05 0.02268752621 0 1 2
57099.865312000002 3.9e-05 0.02268759096 0 1 2
57099.865351 3.9e-05 0.0226877076 0 1 2
57099.865389999999 3.9e-05 0.02268786233 0 1 2
57099.865428999998 3.9e-05 0.02268796627 0 1 2
57099.865468000004 3.9e-05 0.02268801116 0 1 2
57099.865507000002 3.9e-05 0.02268804038 0 1 2
57099.865546000001 3.9e-05 0.02268808261 0 1 2
57099.865585 3.9e-05 0.02268827106 0 1 2
57099.865623999998 3.9e-05 0.02268863304 0 1 2
57099.865662999997 3.9e-05 0.02268903236 0 1 2
57099.865702000003 3.9e-05 0.02268937763 0 1 2
57099.865741000001 3.9e-05 0.02268967656 0 1 2
57099.86578 3.9e-05 0.02269013821 0 1 2
57099.865818999999 3.9e-05 0.02269070391 0 1 2
57099.865857999997 3.9e-05 0.02269117784 0 1 2
57099.865897000003 3.9e-05 0.02269159407 0 1 2
57099.865936000002 3.9e-05 0.02269202147 0 1 2
57099.865975000001 3.9e-05 0.02269250836 0 1 2
57099.866013999999 3.9e-05 0.02269298522 0 1 2
57099.866052999998 3.9e-05 0.02269339004 0 1 2
57099.866091999997 3.9e-05 0.02269376033 0 1 2
57099.866131000002 3.9e-05 0.02269411893 0 1 2
57099.866170000001 3.9e-05 0.02269445351 0 1 2
57099.866209 3.9e-05 0.02269473914 0 1 2
57099.866247999998 3.9e-05 0.02269492266 0 1 2
57099.866286999997 3.9e-05 0.02269509926 0 1 2
57099.866326000003 3.9e-05 0.02269533531 0 1 2
57099.866365000002 3.9e-05 0.0226955615 0 1 2
57099.866404 3.9e-05 0.02269579905 0 1 2
57099.866442999999 3.9e-05 0.02269618096 0 1 2
57099.866481999998 3.9e-05 0.02269664928 0 1 2
57099.866521000004 3.9e-05 0.02269710332 0 1 2
57099.866560000002 3.9e-05 0.02269759644 0 1 2
57099.866599000001 3.9e-05 0.02269819377 0 1 2
57099.866638 3.9e-05 0.02269886582 0 1 2
57099.866675999998 3.9e-05 0.02269947897 0 1 2
57099.866714999996 3.9e-05 0.02270001091 0 1 2
57099.866754000002 3.9e-05 0.02270042359 0 1 2
57099.866793000001 3.9e-05 0.02270076437 0 1 2
57099.866832 3.9e-05 0.02270111601 0 1 2
57099.866870999998 3.9e-05 0.02270144673 0 1 2
57099.866909999997 3.9e-05 0.02270178211 0 1 2
57099.866949000003 3.9e-05 0.02270219755 0 1 2
57099.866988000002 3.9e-05 0.02270258316 0 1 2
57099.867027 3.9e-05 0.02270293843 0 1 2
57099.867065999999 3.9e-05 0.02270335876 0 1 2
57099.867104999998 3.9e-05 0.02270386181 0 1 2
57099.867144000003 3.9e-05 0.02270439126 0 1 2
57099.867183000002 3.9e-05 0.02270479667 0 1 2
57099.867222000001 3.9e-05 0.02270515598 0 1 2
57099.867260999999 3.9e-05 0.02270566427 0 1 2
57099.867299999998 3.9e-05 0.02270633738 0 1 2
57099.867338999997 3.9e-05 0.02270711754 0 1 2
57099.867378000003 3.9e-05 0.02270796505 0 1 2
57099.867417000001 3.9e-05 0.02270880737 0 1 2
57099.867456 3.9e-05 0.02270957443 0 1 2
57099.867494999999 3.9e-05 0.02271027931 0 1 2
57099.867533999997 3.9e-05 0.02271087794 0 1 2
57099.867573000003 3.9e-05 0.02271138497 0 1 2
57099.867612000002 3.9e-05 0.02271182369 0 1 2
57099.867651 3.9e-05 0.02271216229 0 1 2
57099.867689999999 3.9e-05 0.02271242786 0 1 2
57099.867728999998 3.9e-05 0.02271271038 0 1 2
57099.867767999996 3.9e-05 0.02271314274 0 1 2
57099.867807000002 3.9e-05 0.02271368985 0 1 2
57099.867846000001 3.9e-05 0.0227141991 0 1 2
57099.867885 3.9e-05 0.02271482922 0 1 2
57099.867923999998 3.9e-05 0.02271558259 0 1 2
57099.867962999997 3.9e-05 0.02271630048 0 1 2
57099.868002000003 3.9e-05 0.02271695007 0 1 2
57099.868041000002 3.9e-05 0.02271752034 0 1 2
57099.86808 3.9e-05 0.02271806328 0 1 2
57099.868117999999 3.9e-05 0.02271859207 0 1 2
57099.868156999997 3.9e-05 0.02271919895 0 1 2
57099.868196000003 3.9e-05 0.02271988288 0 1 2
57099.868235000002 3.9e-05 0.02272054111 0 1 2
57099.868274 3.9e-05 0.02272110675 0 1 2
57099.868312999999 3.9e-05 0.02272163834 0 1 2
57099.868351999998 3.9e-05 0.02272215852 0 1 2
57099.868391000004 3.9e-05 0.02272264492 0 1 2
57099.868430000002 3.9e-05 0.02272314126 0 1 2
57099.868469000001 3.9e-05 0.02272368335 0 1 2
57099.868508 3.9e-05 0.02272441444 0 1 2
57099.868546999998 3.9e-05 0.02272536073 0 1 2
57099.868585999997 3.9e-05 0.02272632127 0 1 2
57099.868625000003 3.9e-05 0.02272725808 0 1 2
57099.868664000001 3.9e-05 0.02272821026 0 1 2
57099.868703 3.9e-05 0.0227291347 0 1 2
57099.868741999999 3.9e-05 0.02272995159 0 1 2
57099.868780999997 3.9e-05 0.0227306799 0 1 2
57099.868820000003 3.9e-05 0.02273141533 0 1 2
57099.868859000002 3.9e-05 0.02273215903 0 1 2
57099.868898000001 3.9e-05 0.02273281962 0 1 2
57099.868936999999 3.9e-05 0.02273339164 0 1 2
57099.868975999998 3.9e-05 0.02273387137 0 1 2
57099.869014999997 3.9e-05 0.02273426236 0 1 2
57099.869054000003 3.9e-05 0.02273459262 0 1 2
57099.869093000001 3.9e-05 0.02273493965 0 1 2
57099.869132 3.9e-05 0.02273535307 0 1 2
57099.869170999998 3.9e-05 0.02273589343 0 1 2
57099.869209999997 3.9e-05 0.02273659574 0 1 2
57099.869249000003 3.9e-05 0.02273738426 0 1 2
57099.869288000002 3.9e-05 0.02273819013 0 1 2
57099.869327 3.9e-05 0.02273900672 0 1 2
57099.869365999999 3.9e-05 0.02273985388 0 1 2
57099.869404999998 3.9e-05 0.02274072589 0 1 2
57099.869444000004 3.9e-05 0.02274170905 0 1 2
57099.869483000002 3.9e-05 0.02274275818 0 1 2
57099.869522000001 3.9e-05 0.02274373297 0 1 2
57099.869559999999 3.9e-05 0.02274459695 0 1 2
57099.869598999998 3.9e-05 0.02274537871 0 1 2
57099.869637999996 3.9e-05 0.02274604206 0 1 2
57099.869677000002 3.9e-05 0.0227466576 0 1 2
57099.869716000001 3.9e-05 0.02274723978 0 1 2
57099.869755 3.9e-05 0.02274785453 0 1 2
57099.869793999998 3.9e-05 0.02274858828 0 1 2
57099.869832999997 3.9e-05 0.02274938924 0 1 2
57099.869872000003 3.9e-05 0.02275025369 0 1 2
57099.869911000002 3.9e-05 0.02275110719 0 1 2
57099.86995 3.9e-05 0.02275189234 0 1 2
57099.869988999999 3.9e-05 0.0227526961 0 1 2
57099.870027999998 3.9e-05 0.02275348609 0 1 2
57099.870067000003 3.9e-05 0.02275429106 0 1 2
57099.870106000002 3.9e-05 0.02275514247 0 1 2
57099.870145000001 3.9e-05 0.02275598937 0 1 2
57099.870183999999 3.9e-05 0.02275680806 0 1 2
57099.870222999998 3.9e-05 0.02275756843 0 1 2
57099.870261999997 3.9e-05 0.02275822058 0 1 2
57099.870301000003 3.9e-05 0.02275877035 0 1 2
57099.870340000001 3.9e-05 0.02275927501 0 1 2
57099.870379 3.9e-05 0.02275980634 0 1 2
57099.870417999999 3.9e-05 0.0227604614 0 1 2
57099.870456999997 3.9e-05 0.02276124237 0 1 2
57099.870496000003 3.9e-05 0.0227621713 0 1 2
57099.870535000002 3.9e-05 0.02276314544 0 1 2
57099.870574 3.9e-05 0.02276407502 0 1 2
57099.870612999999 3.9e-05 0.02276500176 0 1 2
57099.870651999998 3.9e-05 0.02276590158 0 1 2
57099.870690999996 3.9e-05 0.022766812 0 1 2
57099.870730000002 3.9e-05 0.02276780028 0 1 2
57099.870769000001 3.9e-05 0.0227687673 0 1 2
57099.870808 3.9e-05 0.02276959617 0 1 2
57099.870846999998 3.9e-05 0.02277029875 0 1 2
57099.870885999997 3.9e-05 0.02277095973 0 1 2
57099.870925000003 3.9e-05 0.02277171208 0 1 2
57099.870964000002 3.9e-05 0.02277248176 0 1 2
57099.871002 3.9e-05 0.02277313018 0 1 2
57099.871040999999 3.9e-05 0.02277374836 0 1 2
57099.871079999997 3.9e-05 0.02277449723 0 1 2
57099.871119000003 3.9e-05 0.02277549843 0 1 2
57099.871158000002 3.9e-05 0.02277661071 0 1 2
57099.871197 3.9e-05 0.02277765261 0 1 2
57099.871235999999 3.9e-05 0.02277861244 0 1 2
57099.871274999998 3.9e-05 0.02277950551 0 1 2
57099.871314000004 3.9e-05 0.02278028751 0 1 2
57099.871353000002 3.9e-05 0.02278098684 0 1 2
57099.871392000001 3.9e-05 0.02278175022 0 1 2
57099.871431 3.9e-05 0.02278261807 0 1 2
57099.871469999998 3.9e-05 0.02278345317 0 1 2
